{"/app/src/main/services/EnvironmentManager.ts": {"path":"/app/src/main/services/EnvironmentManager.ts","statementMap":{"0":{"start":{"line":12,"column":8},"end":{"line":12,"column":null}},"1":{"start":{"line":12,"column":23},"end":{"line":12,"column":null}},"2":{"start":{"line":14,"column":21},"end":{"line":14,"column":null}},"3":{"start":{"line":15,"column":22},"end":{"line":15,"column":null}},"4":{"start":{"line":16,"column":25},"end":{"line":16,"column":null}},"5":{"start":{"line":17,"column":30},"end":{"line":17,"column":null}},"6":{"start":{"line":19,"column":8},"end":{"line":29,"column":null}},"7":{"start":{"line":20,"column":12},"end":{"line":20,"column":null}},"8":{"start":{"line":21,"column":12},"end":{"line":27,"column":null}},"9":{"start":{"line":22,"column":16},"end":{"line":25,"column":null}},"10":{"start":{"line":23,"column":20},"end":{"line":23,"column":null}},"11":{"start":{"line":24,"column":20},"end":{"line":24,"column":null}},"12":{"start":{"line":26,"column":16},"end":{"line":26,"column":null}},"13":{"start":{"line":28,"column":12},"end":{"line":28,"column":null}},"14":{"start":{"line":31,"column":8},"end":{"line":31,"column":null}},"15":{"start":{"line":38,"column":47},"end":{"line":38,"column":null}},"16":{"start":{"line":39,"column":8},"end":{"line":43,"column":null}},"17":{"start":{"line":40,"column":12},"end":{"line":42,"column":null}},"18":{"start":{"line":41,"column":16},"end":{"line":41,"column":null}},"19":{"start":{"line":44,"column":8},"end":{"line":44,"column":null}},"20":{"start":{"line":48,"column":24},"end":{"line":48,"column":null}},"21":{"start":{"line":49,"column":8},"end":{"line":49,"column":null}},"22":{"start":{"line":54,"column":14},"end":{"line":54,"column":null}},"23":{"start":{"line":55,"column":8},"end":{"line":55,"column":null}}},"fnMap":{"0":{"name":"(anonymous_0)","decl":{"start":{"line":11,"column":4},"end":{"line":11,"column":21}},"loc":{"start":{"line":11,"column":82},"end":{"line":32,"column":null}},"line":11},"1":{"name":"(anonymous_1)","decl":{"start":{"line":21,"column":66},"end":{"line":21,"column":67}},"loc":{"start":{"line":21,"column":86},"end":{"line":27,"column":13}},"line":21},"2":{"name":"(anonymous_2)","decl":{"start":{"line":37,"column":4},"end":{"line":37,"column":23}},"loc":{"start":{"line":37,"column":67},"end":{"line":45,"column":null}},"line":37},"3":{"name":"(anonymous_3)","decl":{"start":{"line":39,"column":30},"end":{"line":39,"column":35}},"loc":{"start":{"line":39,"column":35},"end":{"line":43,"column":9}},"line":39},"4":{"name":"(anonymous_4)","decl":{"start":{"line":47,"column":10},"end":{"line":47,"column":26}},"loc":{"start":{"line":47,"column":68},"end":{"line":50,"column":null}},"line":47},"5":{"name":"(anonymous_5)","decl":{"start":{"line":52,"column":10},"end":{"line":52,"column":26}},"loc":{"start":{"line":52,"column":79},"end":{"line":56,"column":null}},"line":52}},"branchMap":{"0":{"loc":{"start":{"line":12,"column":8},"end":{"line":12,"column":null}},"type":"if","locations":[{"start":{"line":12,"column":8},"end":{"line":12,"column":null}},{"start":{},"end":{}}],"line":12},"1":{"loc":{"start":{"line":19,"column":15},"end":{"line":19,"column":54}},"type":"binary-expr","locations":[{"start":{"line":19,"column":15},"end":{"line":19,"column":26}},{"start":{"line":19,"column":26},"end":{"line":19,"column":54}}],"line":19},"2":{"loc":{"start":{"line":22,"column":16},"end":{"line":25,"column":null}},"type":"if","locations":[{"start":{"line":22,"column":16},"end":{"line":25,"column":null}},{"start":{},"end":{}}],"line":22},"3":{"loc":{"start":{"line":40,"column":12},"end":{"line":42,"column":null}},"type":"if","locations":[{"start":{"line":40,"column":12},"end":{"line":42,"column":null}},{"start":{},"end":{}}],"line":40}},"s":{"0":15,"1":4,"2":11,"3":11,"4":11,"5":11,"6":11,"7":26,"8":26,"9":19,"10":18,"11":18,"12":1,"13":26,"14":11,"15":1,"16":1,"17":3,"18":2,"19":1,"20":0,"21":0,"22":0,"23":0},"f":{"0":15,"1":19,"2":1,"3":3,"4":0,"5":0},"b":{"0":[4,11],"1":[11,27],"2":[18,1],"3":[2,1]},"meta":{"lastBranch":4,"lastFunction":6,"lastStatement":24,"seen":{"f:11:4:11:21":0,"b:12:8:12:Infinity:undefined:undefined:undefined:undefined":0,"s:12:8:12:Infinity":0,"s:12:23:12:Infinity":1,"s:14:21:14:Infinity":2,"s:15:22:15:Infinity":3,"s:16:25:16:Infinity":4,"s:17:30:17:Infinity":5,"s:19:8:29:Infinity":6,"b:19:15:19:26:19:26:19:54":1,"s:20:12:20:Infinity":7,"s:21:12:27:Infinity":8,"f:21:66:21:67":1,"b:22:16:25:Infinity:undefined:undefined:undefined:undefined":2,"s:22:16:25:Infinity":9,"s:23:20:23:Infinity":10,"s:24:20:24:Infinity":11,"s:26:16:26:Infinity":12,"s:28:12:28:Infinity":13,"s:31:8:31:Infinity":14,"f:37:4:37:23":2,"s:38:47:38:Infinity":15,"s:39:8:43:Infinity":16,"f:39:30:39:35":3,"b:40:12:42:Infinity:undefined:undefined:undefined:undefined":3,"s:40:12:42:Infinity":17,"s:41:16:41:Infinity":18,"s:44:8:44:Infinity":19,"f:47:10:47:26":4,"s:48:24:48:Infinity":20,"s:49:8:49:Infinity":21,"f:52:10:52:26":5,"s:54:14:54:Infinity":22,"s:55:8:55:Infinity":23}}}
,"/app/src/main/services/RequestExecutor.ts": {"path":"/app/src/main/services/RequestExecutor.ts","statementMap":{"0":{"start":{"line":3,"column":33},"end":{"line":3,"column":null}},"1":{"start":{"line":21,"column":8},"end":{"line":21,"column":null}},"2":{"start":{"line":22,"column":8},"end":{"line":22,"column":null}},"3":{"start":{"line":26,"column":26},"end":{"line":26,"column":null}},"4":{"start":{"line":27,"column":25},"end":{"line":27,"column":null}},"5":{"start":{"line":29,"column":8},"end":{"line":144,"column":null}},"6":{"start":{"line":31,"column":12},"end":{"line":35,"column":null}},"7":{"start":{"line":32,"column":50},"end":{"line":32,"column":null}},"8":{"start":{"line":33,"column":31},"end":{"line":33,"column":null}},"9":{"start":{"line":34,"column":16},"end":{"line":34,"column":null}},"10":{"start":{"line":38,"column":32},"end":{"line":38,"column":null}},"11":{"start":{"line":40,"column":60},"end":{"line":40,"column":null}},"12":{"start":{"line":41,"column":12},"end":{"line":43,"column":null}},"13":{"start":{"line":42,"column":16},"end":{"line":42,"column":null}},"14":{"start":{"line":45,"column":59},"end":{"line":45,"column":null}},"15":{"start":{"line":46,"column":12},"end":{"line":48,"column":null}},"16":{"start":{"line":47,"column":16},"end":{"line":47,"column":null}},"17":{"start":{"line":51,"column":36},"end":{"line":51,"column":null}},"18":{"start":{"line":52,"column":12},"end":{"line":96,"column":null}},"19":{"start":{"line":53,"column":16},"end":{"line":95,"column":null}},"20":{"start":{"line":54,"column":44},"end":{"line":54,"column":null}},"21":{"start":{"line":55,"column":20},"end":{"line":59,"column":null}},"22":{"start":{"line":56,"column":24},"end":{"line":56,"column":null}},"23":{"start":{"line":58,"column":24},"end":{"line":58,"column":null}},"24":{"start":{"line":60,"column":16},"end":{"line":95,"column":null}},"25":{"start":{"line":62,"column":37},"end":{"line":62,"column":null}},"26":{"start":{"line":64,"column":20},"end":{"line":83,"column":null}},"27":{"start":{"line":65,"column":24},"end":{"line":82,"column":null}},"28":{"start":{"line":67,"column":46},"end":{"line":67,"column":null}},"29":{"start":{"line":68,"column":28},"end":{"line":77,"column":null}},"30":{"start":{"line":70,"column":53},"end":{"line":70,"column":null}},"31":{"start":{"line":71,"column":32},"end":{"line":76,"column":null}},"32":{"start":{"line":72,"column":36},"end":{"line":72,"column":null}},"33":{"start":{"line":74,"column":36},"end":{"line":74,"column":null}},"34":{"start":{"line":80,"column":50},"end":{"line":80,"column":null}},"35":{"start":{"line":81,"column":28},"end":{"line":81,"column":null}},"36":{"start":{"line":84,"column":20},"end":{"line":84,"column":null}},"37":{"start":{"line":87,"column":40},"end":{"line":87,"column":null}},"38":{"start":{"line":89,"column":20},"end":{"line":89,"column":null}},"39":{"start":{"line":91,"column":16},"end":{"line":95,"column":null}},"40":{"start":{"line":92,"column":20},"end":{"line":92,"column":null}},"41":{"start":{"line":94,"column":20},"end":{"line":94,"column":null}},"42":{"start":{"line":99,"column":47},"end":{"line":107,"column":null}},"43":{"start":{"line":105,"column":38},"end":{"line":105,"column":null}},"44":{"start":{"line":106,"column":46},"end":{"line":106,"column":50}},"45":{"start":{"line":110,"column":29},"end":{"line":110,"column":null}},"46":{"start":{"line":112,"column":34},"end":{"line":112,"column":null}},"47":{"start":{"line":115,"column":12},"end":{"line":122,"column":null}},"48":{"start":{"line":116,"column":50},"end":{"line":119,"column":null}},"49":{"start":{"line":120,"column":31},"end":{"line":120,"column":null}},"50":{"start":{"line":121,"column":16},"end":{"line":121,"column":null}},"51":{"start":{"line":124,"column":12},"end":{"line":135,"column":null}},"52":{"start":{"line":138,"column":12},"end":{"line":143,"column":null}}},"fnMap":{"0":{"name":"(anonymous_0)","decl":{"start":{"line":20,"column":4},"end":{"line":20,"column":18}},"loc":{"start":{"line":20,"column":18},"end":{"line":23,"column":null}},"line":20},"1":{"name":"(anonymous_1)","decl":{"start":{"line":25,"column":10},"end":{"line":25,"column":25}},"loc":{"start":{"line":25,"column":108},"end":{"line":145,"column":null}},"line":25},"2":{"name":"(anonymous_2)","decl":{"start":{"line":105,"column":32},"end":{"line":105,"column":38}},"loc":{"start":{"line":105,"column":38},"end":{"line":105,"column":null}},"line":105},"3":{"name":"(anonymous_3)","decl":{"start":{"line":106,"column":36},"end":{"line":106,"column":37}},"loc":{"start":{"line":106,"column":46},"end":{"line":106,"column":50}},"line":106}},"branchMap":{"0":{"loc":{"start":{"line":31,"column":12},"end":{"line":35,"column":null}},"type":"if","locations":[{"start":{"line":31,"column":12},"end":{"line":35,"column":null}},{"start":{},"end":{}}],"line":31},"1":{"loc":{"start":{"line":52,"column":12},"end":{"line":96,"column":null}},"type":"if","locations":[{"start":{"line":52,"column":12},"end":{"line":96,"column":null}},{"start":{},"end":{}}],"line":52},"2":{"loc":{"start":{"line":53,"column":16},"end":{"line":95,"column":null}},"type":"if","locations":[{"start":{"line":53,"column":16},"end":{"line":95,"column":null}},{"start":{"line":60,"column":16},"end":{"line":95,"column":null}}],"line":53},"3":{"loc":{"start":{"line":53,"column":20},"end":{"line":53,"column":94}},"type":"binary-expr","locations":[{"start":{"line":53,"column":20},"end":{"line":53,"column":52}},{"start":{"line":53,"column":52},"end":{"line":53,"column":94}}],"line":53},"4":{"loc":{"start":{"line":60,"column":16},"end":{"line":95,"column":null}},"type":"if","locations":[{"start":{"line":60,"column":16},"end":{"line":95,"column":null}},{"start":{"line":91,"column":16},"end":{"line":95,"column":null}}],"line":60},"5":{"loc":{"start":{"line":60,"column":27},"end":{"line":60,"column":106}},"type":"binary-expr","locations":[{"start":{"line":60,"column":27},"end":{"line":60,"column":64}},{"start":{"line":60,"column":64},"end":{"line":60,"column":106}}],"line":60},"6":{"loc":{"start":{"line":65,"column":24},"end":{"line":82,"column":null}},"type":"if","locations":[{"start":{"line":65,"column":24},"end":{"line":82,"column":null}},{"start":{"line":78,"column":31},"end":{"line":82,"column":null}}],"line":65},"7":{"loc":{"start":{"line":65,"column":28},"end":{"line":65,"column":117}},"type":"binary-expr","locations":[{"start":{"line":65,"column":28},"end":{"line":65,"column":57}},{"start":{"line":65,"column":57},"end":{"line":65,"column":75}},{"start":{"line":65,"column":75},"end":{"line":65,"column":94}},{"start":{"line":65,"column":94},"end":{"line":65,"column":117}}],"line":65},"8":{"loc":{"start":{"line":68,"column":28},"end":{"line":77,"column":null}},"type":"if","locations":[{"start":{"line":68,"column":28},"end":{"line":77,"column":null}},{"start":{},"end":{}}],"line":68},"9":{"loc":{"start":{"line":91,"column":16},"end":{"line":95,"column":null}},"type":"if","locations":[{"start":{"line":91,"column":16},"end":{"line":95,"column":null}},{"start":{"line":93,"column":23},"end":{"line":95,"column":null}}],"line":91},"10":{"loc":{"start":{"line":115,"column":12},"end":{"line":122,"column":null}},"type":"if","locations":[{"start":{"line":115,"column":12},"end":{"line":122,"column":null}},{"start":{},"end":{}}],"line":115},"11":{"loc":{"start":{"line":140,"column":23},"end":{"line":140,"column":null}},"type":"binary-expr","locations":[{"start":{"line":140,"column":23},"end":{"line":140,"column":40}},{"start":{"line":140,"column":40},"end":{"line":140,"column":null}}],"line":140}},"s":{"0":1,"1":5,"2":5,"3":4,"4":4,"5":4,"6":4,"7":1,"8":1,"9":1,"10":4,"11":4,"12":4,"13":0,"14":4,"15":4,"16":0,"17":4,"18":4,"19":4,"20":0,"21":0,"22":0,"23":0,"24":4,"25":0,"26":0,"27":0,"28":0,"29":0,"30":0,"31":0,"32":0,"33":0,"34":0,"35":0,"36":0,"37":0,"38":0,"39":4,"40":4,"41":0,"42":4,"43":0,"44":0,"45":4,"46":3,"47":3,"48":0,"49":0,"50":0,"51":3,"52":1},"f":{"0":5,"1":4,"2":0,"3":0},"b":{"0":[1,3],"1":[4,0],"2":[0,4],"3":[4,0],"4":[0,4],"5":[4,0],"6":[0,0],"7":[0,0,0,0],"8":[0,0],"9":[4,0],"10":[0,3],"11":[1,0]},"meta":{"lastBranch":12,"lastFunction":4,"lastStatement":53,"seen":{"s:3:33:3:Infinity":0,"f:20:4:20:18":0,"s:21:8:21:Infinity":1,"s:22:8:22:Infinity":2,"f:25:10:25:25":1,"s:26:26:26:Infinity":3,"s:27:25:27:Infinity":4,"s:29:8:144:Infinity":5,"b:31:12:35:Infinity:undefined:undefined:undefined:undefined":0,"s:31:12:35:Infinity":6,"s:32:50:32:Infinity":7,"s:33:31:33:Infinity":8,"s:34:16:34:Infinity":9,"s:38:32:38:Infinity":10,"s:40:60:40:Infinity":11,"s:41:12:43:Infinity":12,"s:42:16:42:Infinity":13,"s:45:59:45:Infinity":14,"s:46:12:48:Infinity":15,"s:47:16:47:Infinity":16,"s:51:36:51:Infinity":17,"b:52:12:96:Infinity:undefined:undefined:undefined:undefined":1,"s:52:12:96:Infinity":18,"b:53:16:95:Infinity:60:16:95:Infinity":2,"s:53:16:95:Infinity":19,"b:53:20:53:52:53:52:53:94":3,"s:54:44:54:Infinity":20,"s:55:20:59:Infinity":21,"s:56:24:56:Infinity":22,"s:58:24:58:Infinity":23,"b:60:16:95:Infinity:91:16:95:Infinity":4,"s:60:16:95:Infinity":24,"b:60:27:60:64:60:64:60:106":5,"s:62:37:62:Infinity":25,"s:64:20:83:Infinity":26,"b:65:24:82:Infinity:78:31:82:Infinity":6,"s:65:24:82:Infinity":27,"b:65:28:65:57:65:57:65:75:65:75:65:94:65:94:65:117":7,"s:67:46:67:Infinity":28,"b:68:28:77:Infinity:undefined:undefined:undefined:undefined":8,"s:68:28:77:Infinity":29,"s:70:53:70:Infinity":30,"s:71:32:76:Infinity":31,"s:72:36:72:Infinity":32,"s:74:36:74:Infinity":33,"s:80:50:80:Infinity":34,"s:81:28:81:Infinity":35,"s:84:20:84:Infinity":36,"s:87:40:87:Infinity":37,"s:89:20:89:Infinity":38,"b:91:16:95:Infinity:93:23:95:Infinity":9,"s:91:16:95:Infinity":39,"s:92:20:92:Infinity":40,"s:94:20:94:Infinity":41,"s:99:47:107:Infinity":42,"f:105:32:105:38":2,"s:105:38:105:Infinity":43,"f:106:36:106:37":3,"s:106:46:106:50":44,"s:110:29:110:Infinity":45,"s:112:34:112:Infinity":46,"b:115:12:122:Infinity:undefined:undefined:undefined:undefined":10,"s:115:12:122:Infinity":47,"s:116:50:119:Infinity":48,"s:120:31:120:Infinity":49,"s:121:16:121:Infinity":50,"s:124:12:135:Infinity":51,"s:138:12:143:Infinity":52,"b:140:23:140:40:140:40:140:Infinity":11}}}
,"/app/src/renderer/components/EnvironmentManagerModal.vue": {"path":"/app/src/renderer/components/EnvironmentManagerModal.vue","statementMap":{"0":{"start":{"line":6,"column":6},"end":{"line":6,"column":null}},"1":{"start":{"line":7,"column":6},"end":{"line":7,"column":null}},"2":{"start":{"line":9,"column":6},"end":{"line":9,"column":null}},"3":{"start":{"line":12,"column":0},"end":{"line":15,"column":null}},"4":{"start":{"line":12,"column":12},"end":{"line":12,"column":37}},"5":{"start":{"line":13,"column":4},"end":{"line":14,"column":null}},"6":{"start":{"line":13,"column":14},"end":{"line":13,"column":null}},"7":{"start":{"line":14,"column":9},"end":{"line":14,"column":null}},"8":{"start":{"line":17,"column":6},"end":{"line":19,"column":null}},"9":{"start":{"line":18,"column":4},"end":{"line":18,"column":null}},"10":{"start":{"line":21,"column":6},"end":{"line":21,"column":null}},"11":{"start":{"line":22,"column":6},"end":{"line":22,"column":null}},"12":{"start":{"line":23,"column":6},"end":{"line":23,"column":null}},"13":{"start":{"line":26,"column":4},"end":{"line":26,"column":null}},"14":{"start":{"line":26,"column":46},"end":{"line":26,"column":null}},"15":{"start":{"line":28,"column":4},"end":{"line":43,"column":null}},"16":{"start":{"line":29,"column":8},"end":{"line":29,"column":null}},"17":{"start":{"line":30,"column":8},"end":{"line":35,"column":null}},"18":{"start":{"line":37,"column":8},"end":{"line":37,"column":null}},"19":{"start":{"line":38,"column":8},"end":{"line":38,"column":null}},"20":{"start":{"line":39,"column":8},"end":{"line":39,"column":null}},"21":{"start":{"line":41,"column":8},"end":{"line":41,"column":null}},"22":{"start":{"line":42,"column":8},"end":{"line":42,"column":null}},"23":{"start":{"line":47,"column":4},"end":{"line":49,"column":null}},"24":{"start":{"line":48,"column":8},"end":{"line":48,"column":null}},"25":{"start":{"line":54,"column":4},"end":{"line":56,"column":null}},"26":{"start":{"line":55,"column":8},"end":{"line":55,"column":null}},"27":{"start":{"line":58,"column":4},"end":{"line":70,"column":null}},"28":{"start":{"line":59,"column":8},"end":{"line":67,"column":null}},"29":{"start":{"line":60,"column":12},"end":{"line":60,"column":null}},"30":{"start":{"line":61,"column":12},"end":{"line":61,"column":null}},"31":{"start":{"line":63,"column":12},"end":{"line":63,"column":null}},"32":{"start":{"line":63,"column":42},"end":{"line":63,"column":null}},"33":{"start":{"line":64,"column":12},"end":{"line":64,"column":null}},"34":{"start":{"line":66,"column":12},"end":{"line":66,"column":null}},"35":{"start":{"line":69,"column":8},"end":{"line":69,"column":null}},"36":{"start":{"line":77,"column":13},"end":{"line":77,"column":null}},"37":{"start":{"line":78,"column":17},"end":{"line":78,"column":null}},"38":{"start":{"line":83,"column":17},"end":{"line":83,"column":null}},"39":{"start":{"line":85,"column":21},"end":{"line":85,"column":null}},"40":{"start":{"line":105,"column":21},"end":{"line":105,"column":null}},"41":{"start":{"line":132,"column":38},"end":{"line":132,"column":null}},"42":{"start":{"line":135,"column":38},"end":{"line":135,"column":null}},"43":{"start":{"line":138,"column":38},"end":{"line":138,"column":null}},"44":{"start":{"line":141,"column":38},"end":{"line":141,"column":null}},"45":{"start":{"line":147,"column":38},"end":{"line":147,"column":null}},"46":{"start":{"line":153,"column":33},"end":{"line":153,"column":null}},"47":{"start":{"line":155,"column":38},"end":{"line":155,"column":null}},"48":{"start":{"line":158,"column":38},"end":{"line":158,"column":null}},"49":{"start":{"line":161,"column":38},"end":{"line":161,"column":null}},"50":{"start":{"line":167,"column":38},"end":{"line":167,"column":null}},"51":{"start":{"line":76,"column":4},"end":{"line":179,"column":51}},"52":{"start":{"line":76,"column":46},"end":{"line":76,"column":null}},"53":{"start":{"line":80,"column":50},"end":{"line":80,"column":77}},"54":{"start":{"line":89,"column":32},"end":{"line":89,"column":null}},"55":{"start":{"line":96,"column":32},"end":{"line":96,"column":null}},"56":{"start":{"line":109,"column":40},"end":{"line":109,"column":87}},"57":{"start":{"line":114,"column":57},"end":{"line":114,"column":90}},"58":{"start":{"line":131,"column":28},"end":{"line":148,"column":86}},"59":{"start":{"line":133,"column":69},"end":{"line":133,"column":82}},"60":{"start":{"line":136,"column":53},"end":{"line":136,"column":62}},"61":{"start":{"line":139,"column":53},"end":{"line":139,"column":63}},"62":{"start":{"line":142,"column":54},"end":{"line":142,"column":null}},"63":{"start":{"line":148,"column":53},"end":{"line":148,"column":76}},"64":{"start":{"line":156,"column":53},"end":{"line":156,"column":64}},"65":{"start":{"line":159,"column":53},"end":{"line":159,"column":67}},"66":{"start":{"line":162,"column":55},"end":{"line":162,"column":null}},"67":{"start":{"line":177,"column":72},"end":{"line":177,"column":98}}},"fnMap":{"0":{"name":"(anonymous_0)","decl":{"start":{"line":12,"column":6},"end":{"line":12,"column":12}},"loc":{"start":{"line":12,"column":12},"end":{"line":12,"column":37}},"line":12},"1":{"name":"(anonymous_1)","decl":{"start":{"line":12,"column":37},"end":{"line":12,"column":38}},"loc":{"start":{"line":12,"column":46},"end":{"line":15,"column":3}},"line":12},"2":{"name":"(anonymous_2)","decl":{"start":{"line":17,"column":27},"end":{"line":17,"column":33}},"loc":{"start":{"line":17,"column":33},"end":{"line":19,"column":1}},"line":17},"3":{"name":"addVariable","decl":{"start":{"line":25,"column":9},"end":{"line":25,"column":23}},"loc":{"start":{"line":25,"column":23},"end":{"line":44,"column":null}},"line":25},"4":{"name":"removeVariable","decl":{"start":{"line":46,"column":9},"end":{"line":46,"column":24}},"loc":{"start":{"line":46,"column":39},"end":{"line":50,"column":null}},"line":46},"5":{"name":"save","decl":{"start":{"line":52,"column":15},"end":{"line":52,"column":22}},"loc":{"start":{"line":52,"column":22},"end":{"line":71,"column":null}},"line":52},"6":{"name":"(anonymous_6)","decl":{"start":{"line":76,"column":39},"end":{"line":76,"column":46}},"loc":{"start":{"line":76,"column":46},"end":{"line":76,"column":null}},"line":76},"7":{"name":"(anonymous_7)","decl":{"start":{"line":80,"column":48},"end":{"line":80,"column":50}},"loc":{"start":{"line":80,"column":50},"end":{"line":80,"column":77}},"line":80},"8":{"name":"(anonymous_8)","decl":{"start":{"line":89,"column":30},"end":{"line":89,"column":32}},"loc":{"start":{"line":89,"column":32},"end":{"line":89,"column":null}},"line":89},"9":{"name":"(anonymous_9)","decl":{"start":{"line":96,"column":30},"end":{"line":96,"column":32}},"loc":{"start":{"line":96,"column":32},"end":{"line":96,"column":null}},"line":96},"10":{"name":"(anonymous_10)","decl":{"start":{"line":109,"column":38},"end":{"line":109,"column":40}},"loc":{"start":{"line":109,"column":40},"end":{"line":109,"column":87}},"line":109},"11":{"name":"(anonymous_11)","decl":{"start":{"line":114,"column":90},"end":{"line":114,"column":98}},"loc":{"start":{"line":114,"column":57},"end":{"line":114,"column":90}},"line":114},"12":{"name":"(anonymous_12)","decl":{"start":{"line":131,"column":73},"end":{"line":131,"column":76}},"loc":{"start":{"line":131,"column":49},"end":{"line":148,"column":86}},"line":131},"13":{"name":"(anonymous_13)","decl":{"start":{"line":133,"column":49},"end":{"line":133,"column":69}},"loc":{"start":{"line":133,"column":69},"end":{"line":133,"column":82}},"line":133},"14":{"name":"(anonymous_14)","decl":{"start":{"line":136,"column":62},"end":{"line":136,"column":null}},"loc":{"start":{"line":136,"column":53},"end":{"line":136,"column":62}},"line":136},"15":{"name":"(anonymous_15)","decl":{"start":{"line":139,"column":114},"end":{"line":139,"column":null}},"loc":{"start":{"line":139,"column":53},"end":{"line":139,"column":63}},"line":139},"16":{"name":"(anonymous_16)","decl":{"start":{"line":145,"column":46},"end":{"line":145,"column":null}},"loc":{"start":{"line":142,"column":54},"end":{"line":142,"column":null}},"line":142},"17":{"name":"(anonymous_17)","decl":{"start":{"line":148,"column":51},"end":{"line":148,"column":53}},"loc":{"start":{"line":148,"column":53},"end":{"line":148,"column":76}},"line":148},"18":{"name":"(anonymous_18)","decl":{"start":{"line":156,"column":115},"end":{"line":156,"column":null}},"loc":{"start":{"line":156,"column":53},"end":{"line":156,"column":64}},"line":156},"19":{"name":"(anonymous_19)","decl":{"start":{"line":159,"column":158},"end":{"line":159,"column":null}},"loc":{"start":{"line":159,"column":53},"end":{"line":159,"column":67}},"line":159},"20":{"name":"(anonymous_20)","decl":{"start":{"line":165,"column":46},"end":{"line":165,"column":null}},"loc":{"start":{"line":162,"column":55},"end":{"line":162,"column":null}},"line":162},"21":{"name":"(anonymous_21)","decl":{"start":{"line":177,"column":70},"end":{"line":177,"column":72}},"loc":{"start":{"line":177,"column":72},"end":{"line":177,"column":98}},"line":177}},"branchMap":{"0":{"loc":{"start":{"line":13,"column":4},"end":{"line":14,"column":null}},"type":"if","locations":[{"start":{"line":13,"column":4},"end":{"line":14,"column":null}},{"start":{"line":14,"column":9},"end":{"line":14,"column":null}}],"line":13},"1":{"loc":{"start":{"line":18,"column":11},"end":{"line":18,"column":null}},"type":"cond-expr","locations":[{"start":{"line":18,"column":47},"end":{"line":18,"column":63}},{"start":{"line":18,"column":63},"end":{"line":18,"column":null}}],"line":18},"2":{"loc":{"start":{"line":26,"column":4},"end":{"line":26,"column":null}},"type":"if","locations":[{"start":{"line":26,"column":4},"end":{"line":26,"column":null}},{"start":{},"end":{}}],"line":26},"3":{"loc":{"start":{"line":26,"column":8},"end":{"line":26,"column":46}},"type":"binary-expr","locations":[{"start":{"line":26,"column":8},"end":{"line":26,"column":28}},{"start":{"line":26,"column":28},"end":{"line":26,"column":46}}],"line":26},"4":{"loc":{"start":{"line":33,"column":18},"end":{"line":33,"column":null}},"type":"cond-expr","locations":[{"start":{"line":33,"column":39},"end":{"line":33,"column":50}},{"start":{"line":33,"column":50},"end":{"line":33,"column":null}}],"line":33},"5":{"loc":{"start":{"line":47,"column":4},"end":{"line":49,"column":null}},"type":"if","locations":[{"start":{"line":47,"column":4},"end":{"line":49,"column":null}},{"start":{},"end":{}}],"line":47},"6":{"loc":{"start":{"line":54,"column":4},"end":{"line":56,"column":null}},"type":"if","locations":[{"start":{"line":54,"column":4},"end":{"line":56,"column":null}},{"start":{},"end":{}}],"line":54},"7":{"loc":{"start":{"line":59,"column":8},"end":{"line":67,"column":null}},"type":"if","locations":[{"start":{"line":59,"column":8},"end":{"line":67,"column":null}},{"start":{"line":62,"column":15},"end":{"line":67,"column":null}}],"line":59},"8":{"loc":{"start":{"line":63,"column":12},"end":{"line":63,"column":null}},"type":"if","locations":[{"start":{"line":63,"column":12},"end":{"line":63,"column":null}},{"start":{},"end":{}}],"line":63},"9":{"loc":{"start":{"line":76,"column":39},"end":{"line":76,"column":null}},"type":"binary-expr","locations":[{"start":{"line":76,"column":39},"end":{"line":76,"column":46}},{"start":{"line":76,"column":39},"end":{"line":76,"column":null}}],"line":76},"10":{"loc":{"start":{"line":81,"column":18},"end":{"line":79,"column":44}},"type":"binary-expr","locations":[{"start":{"line":81,"column":18},"end":{"line":81,"column":null}},{"start":{"line":81,"column":18},"end":{"line":79,"column":44}}],"line":81},"11":{"loc":{"start":{"line":80,"column":48},"end":{"line":80,"column":77}},"type":"binary-expr","locations":[{"start":{"line":80,"column":48},"end":{"line":80,"column":50}},{"start":{"line":80,"column":48},"end":{"line":80,"column":77}}],"line":80},"12":{"loc":{"start":{"line":89,"column":30},"end":{"line":89,"column":null}},"type":"binary-expr","locations":[{"start":{"line":89,"column":30},"end":{"line":89,"column":32}},{"start":{"line":89,"column":30},"end":{"line":89,"column":null}}],"line":89},"13":{"loc":{"start":{"line":96,"column":30},"end":{"line":96,"column":null}},"type":"binary-expr","locations":[{"start":{"line":96,"column":30},"end":{"line":96,"column":32}},{"start":{"line":96,"column":30},"end":{"line":96,"column":null}}],"line":96},"14":{"loc":{"start":{"line":99,"column":36},"end":{"line":100,"column":74}},"type":"cond-expr","locations":[{"start":{"line":99,"column":42},"end":{"line":99,"column":120}},{"start":{"line":99,"column":110},"end":{"line":100,"column":74}}],"line":99},"15":{"loc":{"start":{"line":107,"column":31},"end":{"line":168,"column":99}},"type":"cond-expr","locations":[{"start":{"line":107,"column":73},"end":{"line":109,"column":106}},{"start":{"line":109,"column":97},"end":{"line":168,"column":99}}],"line":107},"16":{"loc":{"start":{"line":107,"column":31},"end":{"line":107,"column":92}},"type":"binary-expr","locations":[{"start":{"line":107,"column":31},"end":{"line":107,"column":67}},{"start":{"line":107,"column":44},"end":{"line":107,"column":92}}],"line":107},"17":{"loc":{"start":{"line":110,"column":26},"end":{"line":108,"column":63}},"type":"binary-expr","locations":[{"start":{"line":110,"column":26},"end":{"line":110,"column":null}},{"start":{"line":110,"column":26},"end":{"line":108,"column":63}}],"line":110},"18":{"loc":{"start":{"line":109,"column":38},"end":{"line":109,"column":87}},"type":"binary-expr","locations":[{"start":{"line":109,"column":38},"end":{"line":109,"column":40}},{"start":{"line":109,"column":38},"end":{"line":109,"column":87}}],"line":109},"19":{"loc":{"start":{"line":113,"column":53},"end":{"line":116,"column":77}},"type":"cond-expr","locations":[{"start":{"line":113,"column":66},"end":{"line":116,"column":77}},{"start":{"line":116,"column":70},"end":{"line":116,"column":77}}],"line":113},"20":{"loc":{"start":{"line":114,"column":98},"end":{"line":114,"column":57}},"type":"binary-expr","locations":[{"start":{"line":114,"column":98},"end":{"line":114,"column":null}},{"start":{"line":114,"column":98},"end":{"line":114,"column":57}}],"line":114},"21":{"loc":{"start":{"line":114,"column":90},"end":{"line":114,"column":90}},"type":"binary-expr","locations":[{"start":{"line":114,"column":90},"end":{"line":114,"column":98}},{"start":{"line":114,"column":90},"end":{"line":114,"column":90}}],"line":114},"22":{"loc":{"start":{"line":115,"column":40},"end":{"line":116,"column":77}},"type":"cond-expr","locations":[{"start":{"line":115,"column":46},"end":{"line":115,"column":122}},{"start":{"line":115,"column":112},"end":{"line":116,"column":77}}],"line":115},"23":{"loc":{"start":{"line":118,"column":52},"end":{"line":119,"column":98}},"type":"cond-expr","locations":[{"start":{"line":118,"column":65},"end":{"line":119,"column":98}},{"start":{"line":119,"column":90},"end":{"line":119,"column":98}}],"line":118},"24":{"loc":{"start":{"line":120,"column":30},"end":{"line":119,"column":98}},"type":"binary-expr","locations":[{"start":{"line":120,"column":30},"end":{"line":120,"column":null}},{"start":{"line":120,"column":30},"end":{"line":119,"column":98}}],"line":120},"25":{"loc":{"start":{"line":122,"column":54},"end":{"line":168,"column":99}},"type":"cond-expr","locations":[{"start":{"line":122,"column":54},"end":{"line":168,"column":99}}],"line":122},"26":{"loc":{"start":{"line":171,"column":30},"end":{"line":171,"column":null}},"type":"binary-expr","locations":[{"start":{"line":171,"column":30},"end":{"line":171,"column":null}},{"start":{"line":171,"column":30},"end":{"line":171,"column":null}}],"line":171},"27":{"loc":{"start":{"line":139,"column":69},"end":{"line":139,"column":114}},"type":"cond-expr","locations":[{"start":{"line":139,"column":75},"end":{"line":139,"column":114}},{"start":{"line":139,"column":75},"end":{"line":139,"column":114}}],"line":139},"28":{"loc":{"start":{"line":142,"column":60},"end":{"line":144,"column":79}},"type":"binary-expr","locations":[{"start":{"line":142,"column":60},"end":{"line":142,"column":null}},{"start":{"line":142,"column":60},"end":{"line":144,"column":79}}],"line":142},"29":{"loc":{"start":{"line":170,"column":34},"end":{"line":154,"column":64}},"type":"binary-expr","locations":[{"start":{"line":170,"column":34},"end":{"line":170,"column":null}},{"start":{"line":170,"column":34},"end":{"line":154,"column":64}}],"line":170},"30":{"loc":{"start":{"line":156,"column":115},"end":{"line":156,"column":64}},"type":"binary-expr","locations":[{"start":{"line":156,"column":115},"end":{"line":156,"column":null}},{"start":{"line":156,"column":115},"end":{"line":156,"column":64}}],"line":156},"31":{"loc":{"start":{"line":159,"column":158},"end":{"line":159,"column":67}},"type":"binary-expr","locations":[{"start":{"line":159,"column":158},"end":{"line":159,"column":null}},{"start":{"line":159,"column":158},"end":{"line":159,"column":67}}],"line":159},"32":{"loc":{"start":{"line":159,"column":73},"end":{"line":159,"column":109}},"type":"cond-expr","locations":[{"start":{"line":159,"column":85},"end":{"line":159,"column":109}},{"start":{"line":159,"column":85},"end":{"line":159,"column":109}}],"line":159},"33":{"loc":{"start":{"line":165,"column":46},"end":{"line":162,"column":null}},"type":"binary-expr","locations":[{"start":{"line":165,"column":46},"end":{"line":165,"column":null}},{"start":{"line":165,"column":46},"end":{"line":162,"column":null}}],"line":165},"34":{"loc":{"start":{"line":176,"column":48},"end":{"line":179,"column":51}},"type":"cond-expr","locations":[{"start":{"line":176,"column":48},"end":{"line":179,"column":51}},{"start":{"line":179,"column":42},"end":{"line":179,"column":51}}],"line":176},"35":{"loc":{"start":{"line":177,"column":31},"end":{"line":177,"column":124}},"type":"cond-expr","locations":[{"start":{"line":177,"column":44},"end":{"line":177,"column":124}},{"start":{"line":177,"column":115},"end":{"line":177,"column":124}}],"line":177},"36":{"loc":{"start":{"line":177,"column":70},"end":{"line":177,"column":98}},"type":"binary-expr","locations":[{"start":{"line":177,"column":70},"end":{"line":177,"column":72}},{"start":{"line":177,"column":70},"end":{"line":177,"column":98}}],"line":177},"37":{"loc":{"start":{"line":178,"column":16},"end":{"line":178,"column":42}},"type":"binary-expr","locations":[{"start":{"line":178,"column":16},"end":{"line":178,"column":21}},{"start":{"line":178,"column":16},"end":{"line":178,"column":42}}],"line":178}},"s":{"0":0,"1":0,"2":0,"3":0,"4":0,"5":0,"6":0,"7":0,"8":0,"9":0,"10":0,"11":0,"12":0,"13":0,"14":0,"15":0,"16":0,"17":0,"18":0,"19":0,"20":0,"21":0,"22":0,"23":0,"24":0,"25":0,"26":0,"27":0,"28":0,"29":0,"30":0,"31":0,"32":0,"33":0,"34":0,"35":0,"36":1,"37":1,"38":1,"39":1,"40":1,"41":1,"42":1,"43":1,"44":1,"45":1,"46":1,"47":1,"48":1,"49":1,"50":1,"51":0,"52":0,"53":0,"54":0,"55":0,"56":0,"57":0,"58":0,"59":0,"60":0,"61":0,"62":0,"63":0,"64":0,"65":0,"66":0,"67":0},"f":{"0":0,"1":0,"2":0,"3":0,"4":0,"5":0,"6":0,"7":0,"8":0,"9":0,"10":0,"11":0,"12":0,"13":0,"14":0,"15":0,"16":0,"17":0,"18":0,"19":0,"20":0,"21":0},"b":{"0":[0,0],"1":[0,0],"2":[0,0],"3":[0,0],"4":[0,0],"5":[0,0],"6":[0,0],"7":[0,0],"8":[0,0],"9":[0,0],"10":[0,0],"11":[0,0],"12":[0,0],"13":[0,0],"14":[0,0],"15":[0,0],"16":[0,0],"17":[0,0],"18":[0,0],"19":[0,0],"20":[0,0],"21":[0,0],"22":[0,0],"23":[0,0],"24":[0,0],"25":[0,null],"26":[0,0],"27":[0,0],"28":[0,0],"29":[0,0],"30":[0,0],"31":[0,0],"32":[0,0],"33":[0,0],"34":[0,0],"35":[0,0],"36":[0,0],"37":[0,0]},"meta":{"lastBranch":0,"lastFunction":0,"lastStatement":0,"seen":{}}}
,"/app/src/renderer/components/EnvironmentSelector.vue": {"path":"/app/src/renderer/components/EnvironmentSelector.vue","statementMap":{"0":{"start":{"line":4,"column":6},"end":{"line":4,"column":null}},"1":{"start":{"line":7,"column":4},"end":{"line":14,"column":null}},"2":{"start":{"line":8,"column":21},"end":{"line":8,"column":null}},"3":{"start":{"line":9,"column":8},"end":{"line":11,"column":null}},"4":{"start":{"line":10,"column":12},"end":{"line":10,"column":null}},"5":{"start":{"line":13,"column":8},"end":{"line":13,"column":null}},"6":{"start":{"line":19,"column":9},"end":{"line":19,"column":null}},"7":{"start":{"line":26,"column":13},"end":{"line":26,"column":null}},"8":{"start":{"line":19,"column":4},"end":{"line":28,"column":110}},"9":{"start":{"line":20,"column":41},"end":{"line":20,"column":null}},"10":{"start":{"line":28,"column":73},"end":{"line":28,"column":99}}},"fnMap":{"0":{"name":"openEnv","decl":{"start":{"line":6,"column":15},"end":{"line":6,"column":25}},"loc":{"start":{"line":6,"column":25},"end":{"line":15,"column":null}},"line":6},"1":{"name":"(anonymous_1)","decl":{"start":{"line":20,"column":39},"end":{"line":20,"column":41}},"loc":{"start":{"line":20,"column":41},"end":{"line":20,"column":null}},"line":20},"2":{"name":"(anonymous_2)","decl":{"start":{"line":28,"column":71},"end":{"line":28,"column":73}},"loc":{"start":{"line":28,"column":73},"end":{"line":28,"column":99}},"line":28}},"branchMap":{"0":{"loc":{"start":{"line":9,"column":8},"end":{"line":11,"column":null}},"type":"if","locations":[{"start":{"line":9,"column":8},"end":{"line":11,"column":null}},{"start":{},"end":{}}],"line":9},"1":{"loc":{"start":{"line":20,"column":39},"end":{"line":20,"column":null}},"type":"binary-expr","locations":[{"start":{"line":20,"column":39},"end":{"line":20,"column":41}},{"start":{"line":20,"column":39},"end":{"line":20,"column":null}}],"line":20},"2":{"loc":{"start":{"line":21,"column":12},"end":{"line":21,"column":43}},"type":"binary-expr","locations":[{"start":{"line":21,"column":12},"end":{"line":21,"column":18}},{"start":{"line":21,"column":12},"end":{"line":21,"column":43}}],"line":21},"3":{"loc":{"start":{"line":23,"column":19},"end":{"line":23,"column":null}},"type":"cond-expr","locations":[{"start":{"line":23,"column":45},"end":{"line":23,"column":73}},{"start":{"line":23,"column":73},"end":{"line":23,"column":null}}],"line":23},"4":{"loc":{"start":{"line":28,"column":71},"end":{"line":28,"column":99}},"type":"binary-expr","locations":[{"start":{"line":28,"column":71},"end":{"line":28,"column":73}},{"start":{"line":28,"column":71},"end":{"line":28,"column":99}}],"line":28}},"s":{"0":0,"1":0,"2":0,"3":0,"4":0,"5":0,"6":1,"7":1,"8":0,"9":0,"10":0},"f":{"0":0,"1":0,"2":0},"b":{"0":[0,0],"1":[0,0],"2":[0,0],"3":[0,0],"4":[0,0]},"meta":{"lastBranch":0,"lastFunction":0,"lastStatement":0,"seen":{}}}
,"/app/src/renderer/components/FileTree.vue": {"path":"/app/src/renderer/components/FileTree.vue","statementMap":{"0":{"start":{"line":10,"column":6},"end":{"line":10,"column":null}},"1":{"start":{"line":21,"column":14},"end":{"line":21,"column":30}},"2":{"start":{"line":22,"column":14},"end":{"line":22,"column":30}},"3":{"start":{"line":14,"column":2},"end":{"line":28,"column":null}},"4":{"start":{"line":15,"column":4},"end":{"line":28,"column":null}},"5":{"start":{"line":19,"column":21},"end":{"line":19,"column":null}}},"fnMap":{"0":{"name":"(anonymous_0)","decl":{"start":{"line":15,"column":31},"end":{"line":15,"column":34}},"loc":{"start":{"line":15,"column":20},"end":{"line":28,"column":null}},"line":15},"1":{"name":"(anonymous_1)","decl":{"start":{"line":19,"column":14},"end":{"line":19,"column":21}},"loc":{"start":{"line":19,"column":21},"end":{"line":19,"column":null}},"line":19}},"branchMap":{"0":{"loc":{"start":{"line":14,"column":30},"end":{"line":14,"column":null}},"type":"cond-expr","locations":[{"start":{"line":14,"column":53},"end":{"line":14,"column":null}},{"start":{"line":14,"column":53},"end":{"line":14,"column":null}}],"line":14},"1":{"loc":{"start":{"line":14,"column":48},"end":{"line":14,"column":null}},"type":"binary-expr","locations":[{"start":{"line":14,"column":48},"end":{"line":14,"column":53}},{"start":{"line":14,"column":53},"end":{"line":14,"column":null}}],"line":14},"2":{"loc":{"start":{"line":19,"column":21},"end":{"line":19,"column":null}},"type":"cond-expr","locations":[{"start":{"line":19,"column":45},"end":{"line":19,"column":null}},{"start":{"line":19,"column":72},"end":{"line":19,"column":null}}],"line":19},"3":{"loc":{"start":{"line":21,"column":30},"end":{"line":21,"column":80}},"type":"cond-expr","locations":[{"start":{"line":21,"column":40},"end":{"line":21,"column":80}},{"start":{"line":21,"column":40},"end":{"line":21,"column":80}}],"line":21},"4":{"loc":{"start":{"line":26,"column":14},"end":{"line":28,"column":null}},"type":"cond-expr","locations":[{"start":{"line":26,"column":83},"end":{"line":28,"column":null}},{"start":{"line":28,"column":22},"end":{"line":28,"column":null}}],"line":26},"5":{"loc":{"start":{"line":26,"column":14},"end":{"line":26,"column":null}},"type":"binary-expr","locations":[{"start":{"line":26,"column":14},"end":{"line":26,"column":44}},{"start":{"line":26,"column":44},"end":{"line":26,"column":62}},{"start":{"line":26,"column":62},"end":{"line":26,"column":null}}],"line":26},"6":{"loc":{"start":{"line":28,"column":17},"end":{"line":28,"column":null}},"type":"binary-expr","locations":[{"start":{"line":28,"column":17},"end":{"line":28,"column":22}},{"start":{"line":28,"column":22},"end":{"line":28,"column":null}}],"line":28}},"s":{"0":0,"1":1,"2":1,"3":0,"4":0,"5":0},"f":{"0":0,"1":0},"b":{"0":[0,0],"1":[0,0],"2":[0,0],"3":[0,0],"4":[0,0],"5":[0,0,0],"6":[0,0]},"meta":{"lastBranch":0,"lastFunction":0,"lastStatement":0,"seen":{}}}
,"/app/src/renderer/components/FormDataEditor.vue": {"path":"/app/src/renderer/components/FormDataEditor.vue","statementMap":{"0":{"start":{"line":16,"column":14},"end":{"line":16,"column":null}},"1":{"start":{"line":17,"column":13},"end":{"line":17,"column":null}},"2":{"start":{"line":21,"column":6},"end":{"line":21,"column":null}},"3":{"start":{"line":24,"column":4},"end":{"line":40,"column":null}},"4":{"start":{"line":25,"column":8},"end":{"line":39,"column":null}},"5":{"start":{"line":26,"column":13},"end":{"line":31,"column":null}},"6":{"start":{"line":33,"column":13},"end":{"line":38,"column":null}},"7":{"start":{"line":43,"column":4},"end":{"line":43,"column":null}},"8":{"start":{"line":46,"column":0},"end":{"line":46,"column":null}},"9":{"start":{"line":46,"column":12},"end":{"line":46,"column":30}},"10":{"start":{"line":49,"column":76},"end":{"line":49,"column":null}},"11":{"start":{"line":50,"column":4},"end":{"line":58,"column":null}},"12":{"start":{"line":51,"column":8},"end":{"line":57,"column":null}},"13":{"start":{"line":52,"column":12},"end":{"line":56,"column":null}},"14":{"start":{"line":53,"column":16},"end":{"line":53,"column":null}},"15":{"start":{"line":55,"column":16},"end":{"line":55,"column":null}},"16":{"start":{"line":59,"column":4},"end":{"line":59,"column":null}},"17":{"start":{"line":63,"column":17},"end":{"line":63,"column":null}},"18":{"start":{"line":64,"column":4},"end":{"line":66,"column":null}},"19":{"start":{"line":65,"column":8},"end":{"line":65,"column":null}},"20":{"start":{"line":67,"column":4},"end":{"line":67,"column":null}},"21":{"start":{"line":71,"column":4},"end":{"line":71,"column":null}},"22":{"start":{"line":72,"column":4},"end":{"line":72,"column":null}},"23":{"start":{"line":76,"column":17},"end":{"line":76,"column":null}},"24":{"start":{"line":77,"column":4},"end":{"line":80,"column":null}},"25":{"start":{"line":78,"column":8},"end":{"line":78,"column":null}},"26":{"start":{"line":79,"column":8},"end":{"line":79,"column":null}},"27":{"start":{"line":85,"column":9},"end":{"line":85,"column":null}},"28":{"start":{"line":95,"column":17},"end":{"line":95,"column":null}},"29":{"start":{"line":99,"column":17},"end":{"line":99,"column":null}},"30":{"start":{"line":108,"column":17},"end":{"line":108,"column":null}},"31":{"start":{"line":115,"column":17},"end":{"line":115,"column":null}},"32":{"start":{"line":132,"column":18},"end":{"line":132,"column":null}},"33":{"start":{"line":85,"column":4},"end":{"line":139,"column":25}},"34":{"start":{"line":94,"column":8},"end":{"line":139,"column":25}},"35":{"start":{"line":96,"column":48},"end":{"line":96,"column":63}},"36":{"start":{"line":101,"column":29},"end":{"line":101,"column":null}},"37":{"start":{"line":104,"column":28},"end":{"line":104,"column":null}},"38":{"start":{"line":109,"column":33},"end":{"line":109,"column":44}},"39":{"start":{"line":119,"column":58},"end":{"line":119,"column":77}},"40":{"start":{"line":124,"column":33},"end":{"line":124,"column":null}},"41":{"start":{"line":127,"column":33},"end":{"line":127,"column":null}},"42":{"start":{"line":136,"column":28},"end":{"line":136,"column":null}}},"fnMap":{"0":{"name":"syncFromProps","decl":{"start":{"line":23,"column":9},"end":{"line":23,"column":25}},"loc":{"start":{"line":23,"column":25},"end":{"line":44,"column":null}},"line":23},"1":{"name":"(anonymous_1)","decl":{"start":{"line":24,"column":55},"end":{"line":24,"column":56}},"loc":{"start":{"line":24,"column":76},"end":{"line":40,"column":5}},"line":24},"2":{"name":"(anonymous_2)","decl":{"start":{"line":46,"column":6},"end":{"line":46,"column":12}},"loc":{"start":{"line":46,"column":12},"end":{"line":46,"column":30}},"line":46},"3":{"name":"emitChanges","decl":{"start":{"line":48,"column":9},"end":{"line":48,"column":23}},"loc":{"start":{"line":48,"column":23},"end":{"line":60,"column":null}},"line":48},"4":{"name":"(anonymous_4)","decl":{"start":{"line":50,"column":24},"end":{"line":50,"column":32}},"loc":{"start":{"line":50,"column":32},"end":{"line":58,"column":5}},"line":50},"5":{"name":"handleInput","decl":{"start":{"line":62,"column":9},"end":{"line":62,"column":21}},"loc":{"start":{"line":62,"column":36},"end":{"line":68,"column":null}},"line":62},"6":{"name":"removePair","decl":{"start":{"line":70,"column":9},"end":{"line":70,"column":20}},"loc":{"start":{"line":70,"column":35},"end":{"line":73,"column":null}},"line":70},"7":{"name":"selectFile","decl":{"start":{"line":75,"column":15},"end":{"line":75,"column":26}},"loc":{"start":{"line":75,"column":41},"end":{"line":81,"column":null}},"line":75},"8":{"name":"(anonymous_8)","decl":{"start":{"line":94,"column":42},"end":{"line":94,"column":45}},"loc":{"start":{"line":94,"column":32},"end":{"line":139,"column":25}},"line":94},"9":{"name":"(anonymous_9)","decl":{"start":{"line":96,"column":28},"end":{"line":96,"column":48}},"loc":{"start":{"line":96,"column":48},"end":{"line":96,"column":63}},"line":96},"10":{"name":"(anonymous_10)","decl":{"start":{"line":105,"column":18},"end":{"line":105,"column":null}},"loc":{"start":{"line":101,"column":29},"end":{"line":101,"column":null}},"line":101},"11":{"name":"(anonymous_11)","decl":{"start":{"line":104,"column":26},"end":{"line":104,"column":28}},"loc":{"start":{"line":104,"column":28},"end":{"line":104,"column":null}},"line":104},"12":{"name":"(anonymous_12)","decl":{"start":{"line":112,"column":25},"end":{"line":112,"column":null}},"loc":{"start":{"line":109,"column":33},"end":{"line":109,"column":44}},"line":109},"13":{"name":"(anonymous_13)","decl":{"start":{"line":119,"column":56},"end":{"line":119,"column":58}},"loc":{"start":{"line":119,"column":58},"end":{"line":119,"column":77}},"line":119},"14":{"name":"(anonymous_14)","decl":{"start":{"line":124,"column":33},"end":{"line":124,"column":38}},"loc":{"start":{"line":124,"column":33},"end":{"line":124,"column":null}},"line":124},"15":{"name":"(anonymous_15)","decl":{"start":{"line":127,"column":31},"end":{"line":127,"column":33}},"loc":{"start":{"line":127,"column":33},"end":{"line":127,"column":null}},"line":127},"16":{"name":"(anonymous_16)","decl":{"start":{"line":136,"column":26},"end":{"line":136,"column":28}},"loc":{"start":{"line":136,"column":28},"end":{"line":136,"column":null}},"line":136}},"branchMap":{"0":{"loc":{"start":{"line":25,"column":8},"end":{"line":39,"column":null}},"type":"if","locations":[{"start":{"line":25,"column":8},"end":{"line":39,"column":null}},{"start":{"line":32,"column":15},"end":{"line":39,"column":null}}],"line":25},"1":{"loc":{"start":{"line":25,"column":12},"end":{"line":25,"column":113}},"type":"binary-expr","locations":[{"start":{"line":25,"column":12},"end":{"line":25,"column":44}},{"start":{"line":25,"column":44},"end":{"line":25,"column":65}},{"start":{"line":25,"column":65},"end":{"line":25,"column":87}},{"start":{"line":25,"column":87},"end":{"line":25,"column":113}}],"line":25},"2":{"loc":{"start":{"line":51,"column":8},"end":{"line":57,"column":null}},"type":"if","locations":[{"start":{"line":51,"column":8},"end":{"line":57,"column":null}},{"start":{},"end":{}}],"line":51},"3":{"loc":{"start":{"line":51,"column":12},"end":{"line":51,"column":38}},"type":"binary-expr","locations":[{"start":{"line":51,"column":12},"end":{"line":51,"column":24}},{"start":{"line":51,"column":24},"end":{"line":51,"column":38}}],"line":51},"4":{"loc":{"start":{"line":52,"column":12},"end":{"line":56,"column":null}},"type":"if","locations":[{"start":{"line":52,"column":12},"end":{"line":56,"column":null}},{"start":{"line":54,"column":19},"end":{"line":56,"column":null}}],"line":52},"5":{"loc":{"start":{"line":64,"column":4},"end":{"line":66,"column":null}},"type":"if","locations":[{"start":{"line":64,"column":4},"end":{"line":66,"column":null}},{"start":{},"end":{}}],"line":64},"6":{"loc":{"start":{"line":64,"column":8},"end":{"line":64,"column":70}},"type":"binary-expr","locations":[{"start":{"line":64,"column":8},"end":{"line":64,"column":45}},{"start":{"line":64,"column":45},"end":{"line":64,"column":57}},{"start":{"line":64,"column":57},"end":{"line":64,"column":70}}],"line":64},"7":{"loc":{"start":{"line":77,"column":4},"end":{"line":80,"column":null}},"type":"if","locations":[{"start":{"line":77,"column":4},"end":{"line":80,"column":null}},{"start":{},"end":{}}],"line":77},"8":{"loc":{"start":{"line":142,"column":10},"end":{"line":142,"column":null}},"type":"binary-expr","locations":[{"start":{"line":142,"column":10},"end":{"line":142,"column":null}},{"start":{"line":142,"column":10},"end":{"line":142,"column":null}}],"line":142},"9":{"loc":{"start":{"line":109,"column":68},"end":{"line":111,"column":54}},"type":"binary-expr","locations":[{"start":{"line":109,"column":68},"end":{"line":109,"column":null}},{"start":{"line":109,"column":68},"end":{"line":111,"column":54}}],"line":109},"10":{"loc":{"start":{"line":116,"column":32},"end":{"line":124,"column":null}},"type":"cond-expr","locations":[{"start":{"line":116,"column":41},"end":{"line":119,"column":97}},{"start":{"line":119,"column":88},"end":{"line":124,"column":null}}],"line":116},"11":{"loc":{"start":{"line":118,"column":72},"end":{"line":118,"column":114}},"type":"binary-expr","locations":[{"start":{"line":118,"column":72},"end":{"line":118,"column":82}},{"start":{"line":118,"column":82},"end":{"line":118,"column":114}}],"line":118},"12":{"loc":{"start":{"line":134,"column":26},"end":{"line":139,"column":25}},"type":"cond-expr","locations":[{"start":{"line":134,"column":46},"end":{"line":139,"column":25}},{"start":{"line":139,"column":16},"end":{"line":139,"column":25}}],"line":134}},"s":{"0":0,"1":0,"2":0,"3":0,"4":0,"5":0,"6":0,"7":0,"8":0,"9":0,"10":0,"11":0,"12":0,"13":0,"14":0,"15":0,"16":0,"17":0,"18":0,"19":0,"20":0,"21":0,"22":0,"23":0,"24":0,"25":0,"26":0,"27":1,"28":1,"29":1,"30":1,"31":1,"32":1,"33":0,"34":0,"35":0,"36":0,"37":0,"38":0,"39":0,"40":0,"41":0,"42":0},"f":{"0":0,"1":0,"2":0,"3":0,"4":0,"5":0,"6":0,"7":0,"8":0,"9":0,"10":0,"11":0,"12":0,"13":0,"14":0,"15":0,"16":0},"b":{"0":[0,0],"1":[0,0,0,0],"2":[0,0],"3":[0,0],"4":[0,0],"5":[0,0],"6":[0,0,0],"7":[0,0],"8":[0,0],"9":[0,0],"10":[0,0],"11":[0,0],"12":[0,0]},"meta":{"lastBranch":0,"lastFunction":0,"lastStatement":0,"seen":{}}}
,"/app/src/renderer/components/KeyValueEditor.vue": {"path":"/app/src/renderer/components/KeyValueEditor.vue","statementMap":{"0":{"start":{"line":14,"column":14},"end":{"line":14,"column":null}},"1":{"start":{"line":15,"column":13},"end":{"line":15,"column":null}},"2":{"start":{"line":20,"column":6},"end":{"line":20,"column":null}},"3":{"start":{"line":23,"column":4},"end":{"line":27,"column":null}},"4":{"start":{"line":23,"column":74},"end":{"line":27,"column":6}},"5":{"start":{"line":29,"column":4},"end":{"line":29,"column":null}},"6":{"start":{"line":33,"column":0},"end":{"line":33,"column":null}},"7":{"start":{"line":33,"column":12},"end":{"line":33,"column":30}},"8":{"start":{"line":36,"column":43},"end":{"line":36,"column":null}},"9":{"start":{"line":37,"column":4},"end":{"line":41,"column":null}},"10":{"start":{"line":38,"column":8},"end":{"line":40,"column":null}},"11":{"start":{"line":39,"column":12},"end":{"line":39,"column":null}},"12":{"start":{"line":42,"column":4},"end":{"line":42,"column":null}},"13":{"start":{"line":46,"column":17},"end":{"line":46,"column":null}},"14":{"start":{"line":49,"column":4},"end":{"line":51,"column":null}},"15":{"start":{"line":50,"column":8},"end":{"line":50,"column":null}},"16":{"start":{"line":53,"column":4},"end":{"line":53,"column":null}},"17":{"start":{"line":57,"column":4},"end":{"line":57,"column":null}},"18":{"start":{"line":58,"column":4},"end":{"line":58,"column":null}},"19":{"start":{"line":63,"column":9},"end":{"line":63,"column":null}},"20":{"start":{"line":75,"column":17},"end":{"line":75,"column":null}},"21":{"start":{"line":82,"column":17},"end":{"line":82,"column":null}},"22":{"start":{"line":91,"column":17},"end":{"line":91,"column":null}},"23":{"start":{"line":100,"column":17},"end":{"line":100,"column":null}},"24":{"start":{"line":63,"column":4},"end":{"line":107,"column":25}},"25":{"start":{"line":70,"column":8},"end":{"line":107,"column":25}},"26":{"start":{"line":77,"column":29},"end":{"line":77,"column":null}},"27":{"start":{"line":84,"column":29},"end":{"line":84,"column":null}},"28":{"start":{"line":88,"column":28},"end":{"line":88,"column":null}},"29":{"start":{"line":93,"column":29},"end":{"line":93,"column":null}},"30":{"start":{"line":97,"column":28},"end":{"line":97,"column":null}},"31":{"start":{"line":104,"column":28},"end":{"line":104,"column":null}}},"fnMap":{"0":{"name":"syncFromProps","decl":{"start":{"line":22,"column":9},"end":{"line":22,"column":25}},"loc":{"start":{"line":22,"column":25},"end":{"line":30,"column":null}},"line":22},"1":{"name":"(anonymous_1)","decl":{"start":{"line":23,"column":55},"end":{"line":23,"column":56}},"loc":{"start":{"line":23,"column":74},"end":{"line":27,"column":6}},"line":23},"2":{"name":"(anonymous_2)","decl":{"start":{"line":33,"column":6},"end":{"line":33,"column":12}},"loc":{"start":{"line":33,"column":12},"end":{"line":33,"column":30}},"line":33},"3":{"name":"emitChanges","decl":{"start":{"line":35,"column":9},"end":{"line":35,"column":23}},"loc":{"start":{"line":35,"column":23},"end":{"line":43,"column":null}},"line":35},"4":{"name":"(anonymous_4)","decl":{"start":{"line":37,"column":24},"end":{"line":37,"column":32}},"loc":{"start":{"line":37,"column":32},"end":{"line":41,"column":5}},"line":37},"5":{"name":"handleInput","decl":{"start":{"line":45,"column":9},"end":{"line":45,"column":21}},"loc":{"start":{"line":45,"column":36},"end":{"line":54,"column":null}},"line":45},"6":{"name":"removePair","decl":{"start":{"line":56,"column":9},"end":{"line":56,"column":20}},"loc":{"start":{"line":56,"column":35},"end":{"line":59,"column":null}},"line":56},"7":{"name":"(anonymous_7)","decl":{"start":{"line":71,"column":41},"end":{"line":71,"column":null}},"loc":{"start":{"line":71,"column":31},"end":{"line":107,"column":25}},"line":71},"8":{"name":"(anonymous_8)","decl":{"start":{"line":80,"column":18},"end":{"line":80,"column":null}},"loc":{"start":{"line":77,"column":29},"end":{"line":77,"column":null}},"line":77},"9":{"name":"(anonymous_9)","decl":{"start":{"line":89,"column":18},"end":{"line":89,"column":null}},"loc":{"start":{"line":84,"column":29},"end":{"line":84,"column":null}},"line":84},"10":{"name":"(anonymous_10)","decl":{"start":{"line":88,"column":26},"end":{"line":88,"column":28}},"loc":{"start":{"line":88,"column":28},"end":{"line":88,"column":null}},"line":88},"11":{"name":"(anonymous_11)","decl":{"start":{"line":98,"column":18},"end":{"line":98,"column":null}},"loc":{"start":{"line":93,"column":29},"end":{"line":93,"column":null}},"line":93},"12":{"name":"(anonymous_12)","decl":{"start":{"line":97,"column":26},"end":{"line":97,"column":28}},"loc":{"start":{"line":97,"column":28},"end":{"line":97,"column":null}},"line":97},"13":{"name":"(anonymous_13)","decl":{"start":{"line":104,"column":26},"end":{"line":104,"column":28}},"loc":{"start":{"line":104,"column":28},"end":{"line":104,"column":null}},"line":104}},"branchMap":{"0":{"loc":{"start":{"line":38,"column":8},"end":{"line":40,"column":null}},"type":"if","locations":[{"start":{"line":38,"column":8},"end":{"line":40,"column":null}},{"start":{},"end":{}}],"line":38},"1":{"loc":{"start":{"line":38,"column":12},"end":{"line":38,"column":38}},"type":"binary-expr","locations":[{"start":{"line":38,"column":12},"end":{"line":38,"column":24}},{"start":{"line":38,"column":24},"end":{"line":38,"column":38}}],"line":38},"2":{"loc":{"start":{"line":49,"column":4},"end":{"line":51,"column":null}},"type":"if","locations":[{"start":{"line":49,"column":4},"end":{"line":51,"column":null}},{"start":{},"end":{}}],"line":49},"3":{"loc":{"start":{"line":49,"column":8},"end":{"line":49,"column":70}},"type":"binary-expr","locations":[{"start":{"line":49,"column":8},"end":{"line":49,"column":45}},{"start":{"line":49,"column":45},"end":{"line":49,"column":57}},{"start":{"line":49,"column":57},"end":{"line":49,"column":70}}],"line":49},"4":{"loc":{"start":{"line":110,"column":10},"end":{"line":110,"column":null}},"type":"binary-expr","locations":[{"start":{"line":110,"column":10},"end":{"line":110,"column":null}},{"start":{"line":110,"column":10},"end":{"line":110,"column":null}}],"line":110},"5":{"loc":{"start":{"line":102,"column":26},"end":{"line":107,"column":25}},"type":"cond-expr","locations":[{"start":{"line":102,"column":46},"end":{"line":107,"column":25}},{"start":{"line":107,"column":16},"end":{"line":107,"column":25}}],"line":102}},"s":{"0":0,"1":0,"2":0,"3":0,"4":0,"5":0,"6":0,"7":0,"8":0,"9":0,"10":0,"11":0,"12":0,"13":0,"14":0,"15":0,"16":0,"17":0,"18":0,"19":1,"20":1,"21":1,"22":1,"23":1,"24":0,"25":0,"26":0,"27":0,"28":0,"29":0,"30":0,"31":0},"f":{"0":0,"1":0,"2":0,"3":0,"4":0,"5":0,"6":0,"7":0,"8":0,"9":0,"10":0,"11":0,"12":0,"13":0},"b":{"0":[0,0],"1":[0,0],"2":[0,0],"3":[0,0,0],"4":[0,0],"5":[0,0]},"meta":{"lastBranch":0,"lastFunction":0,"lastStatement":0,"seen":{}}}
,"/app/src/renderer/components/MainLayout.vue": {"path":"/app/src/renderer/components/MainLayout.vue","statementMap":{"0":{"start":{"line":15,"column":6},"end":{"line":15,"column":null}},"1":{"start":{"line":16,"column":6},"end":{"line":16,"column":null}},"2":{"start":{"line":17,"column":6},"end":{"line":17,"column":null}},"3":{"start":{"line":18,"column":6},"end":{"line":18,"column":null}},"4":{"start":{"line":19,"column":6},"end":{"line":19,"column":null}},"5":{"start":{"line":20,"column":6},"end":{"line":20,"column":null}},"6":{"start":{"line":23,"column":6},"end":{"line":23,"column":null}},"7":{"start":{"line":26,"column":6},"end":{"line":26,"column":null}},"8":{"start":{"line":27,"column":6},"end":{"line":27,"column":null}},"9":{"start":{"line":28,"column":6},"end":{"line":28,"column":null}},"10":{"start":{"line":29,"column":6},"end":{"line":29,"column":null}},"11":{"start":{"line":32,"column":17},"end":{"line":32,"column":null}},"12":{"start":{"line":33,"column":4},"end":{"line":35,"column":null}},"13":{"start":{"line":34,"column":8},"end":{"line":34,"column":null}},"14":{"start":{"line":39,"column":4},"end":{"line":39,"column":null}},"15":{"start":{"line":40,"column":4},"end":{"line":40,"column":null}},"16":{"start":{"line":44,"column":4},"end":{"line":47,"column":null}},"17":{"start":{"line":45,"column":8},"end":{"line":45,"column":null}},"18":{"start":{"line":46,"column":8},"end":{"line":46,"column":null}},"19":{"start":{"line":51,"column":4},"end":{"line":51,"column":null}},"20":{"start":{"line":55,"column":4},"end":{"line":90,"column":null}},"21":{"start":{"line":61,"column":8},"end":{"line":61,"column":null}},"22":{"start":{"line":66,"column":26},"end":{"line":66,"column":null}},"23":{"start":{"line":67,"column":29},"end":{"line":67,"column":null}},"24":{"start":{"line":74,"column":24},"end":{"line":74,"column":null}},"25":{"start":{"line":76,"column":8},"end":{"line":80,"column":null}},"26":{"start":{"line":77,"column":12},"end":{"line":77,"column":null}},"27":{"start":{"line":79,"column":12},"end":{"line":79,"column":null}},"28":{"start":{"line":82,"column":8},"end":{"line":82,"column":null}},"29":{"start":{"line":84,"column":8},"end":{"line":86,"column":null}},"30":{"start":{"line":84,"column":36},"end":{"line":84,"column":null}},"31":{"start":{"line":84,"column":57},"end":{"line":86,"column":null}},"32":{"start":{"line":85,"column":63},"end":{"line":85,"column":null}},"33":{"start":{"line":86,"column":13},"end":{"line":86,"column":null}},"34":{"start":{"line":89,"column":8},"end":{"line":89,"column":null}},"35":{"start":{"line":94,"column":4},"end":{"line":94,"column":null}},"36":{"start":{"line":99,"column":9},"end":{"line":99,"column":null}},"37":{"start":{"line":101,"column":13},"end":{"line":101,"column":null}},"38":{"start":{"line":129,"column":15},"end":{"line":129,"column":null}},"39":{"start":{"line":131,"column":21},"end":{"line":131,"column":null}},"40":{"start":{"line":154,"column":17},"end":{"line":154,"column":null}},"41":{"start":{"line":161,"column":13},"end":{"line":161,"column":null}},"42":{"start":{"line":173,"column":21},"end":{"line":173,"column":null}},"43":{"start":{"line":176,"column":21},"end":{"line":176,"column":null}},"44":{"start":{"line":185,"column":17},"end":{"line":185,"column":null}},"45":{"start":{"line":194,"column":21},"end":{"line":194,"column":null}},"46":{"start":{"line":99,"column":4},"end":{"line":201,"column":null}},"47":{"start":{"line":105,"column":24},"end":{"line":105,"column":53}},"48":{"start":{"line":105,"column":53},"end":{"line":105,"column":null}},"49":{"start":{"line":113,"column":24},"end":{"line":113,"column":null}},"50":{"start":{"line":121,"column":24},"end":{"line":121,"column":null}},"51":{"start":{"line":188,"column":29},"end":{"line":188,"column":null}},"52":{"start":{"line":195,"column":36},"end":{"line":195,"column":65}}},"fnMap":{"0":{"name":"openFolder","decl":{"start":{"line":31,"column":15},"end":{"line":31,"column":28}},"loc":{"start":{"line":31,"column":28},"end":{"line":36,"column":null}},"line":31},"1":{"name":"openCreateModal","decl":{"start":{"line":38,"column":9},"end":{"line":38,"column":27}},"loc":{"start":{"line":38,"column":27},"end":{"line":41,"column":null}},"line":38},"2":{"name":"confirmCreateRequest","decl":{"start":{"line":43,"column":15},"end":{"line":43,"column":38}},"loc":{"start":{"line":43,"column":38},"end":{"line":48,"column":null}},"line":43},"3":{"name":"saveRequest","decl":{"start":{"line":50,"column":15},"end":{"line":50,"column":29}},"loc":{"start":{"line":50,"column":29},"end":{"line":52,"column":null}},"line":50},"4":{"name":"handleOpenDiff","decl":{"start":{"line":54,"column":15},"end":{"line":54,"column":30}},"loc":{"start":{"line":54,"column":62},"end":{"line":91,"column":null}},"line":54},"5":{"name":"closeDiff","decl":{"start":{"line":93,"column":9},"end":{"line":93,"column":21}},"loc":{"start":{"line":93,"column":21},"end":{"line":95,"column":null}},"line":93},"6":{"name":"(anonymous_6)","decl":{"start":{"line":105,"column":22},"end":{"line":105,"column":24}},"loc":{"start":{"line":105,"column":22},"end":{"line":105,"column":null}},"line":105},"7":{"name":"(anonymous_7)","decl":{"start":{"line":113,"column":22},"end":{"line":113,"column":24}},"loc":{"start":{"line":113,"column":24},"end":{"line":113,"column":null}},"line":113},"8":{"name":"(anonymous_8)","decl":{"start":{"line":121,"column":22},"end":{"line":121,"column":24}},"loc":{"start":{"line":121,"column":24},"end":{"line":121,"column":null}},"line":121},"9":{"name":"(anonymous_9)","decl":{"start":{"line":193,"column":18},"end":{"line":193,"column":null}},"loc":{"start":{"line":188,"column":29},"end":{"line":188,"column":null}},"line":188},"10":{"name":"(anonymous_10)","decl":{"start":{"line":195,"column":34},"end":{"line":195,"column":36}},"loc":{"start":{"line":195,"column":36},"end":{"line":195,"column":65}},"line":195}},"branchMap":{"0":{"loc":{"start":{"line":33,"column":4},"end":{"line":35,"column":null}},"type":"if","locations":[{"start":{"line":33,"column":4},"end":{"line":35,"column":null}},{"start":{},"end":{}}],"line":33},"1":{"loc":{"start":{"line":44,"column":4},"end":{"line":47,"column":null}},"type":"if","locations":[{"start":{"line":44,"column":4},"end":{"line":47,"column":null}},{"start":{},"end":{}}],"line":44},"2":{"loc":{"start":{"line":66,"column":26},"end":{"line":66,"column":null}},"type":"cond-expr","locations":[{"start":{"line":66,"column":64},"end":{"line":66,"column":71}},{"start":{"line":66,"column":71},"end":{"line":66,"column":null}}],"line":66},"3":{"loc":{"start":{"line":76,"column":8},"end":{"line":80,"column":null}},"type":"if","locations":[{"start":{"line":76,"column":8},"end":{"line":80,"column":null}},{"start":{"line":78,"column":15},"end":{"line":80,"column":null}}],"line":76},"4":{"loc":{"start":{"line":84,"column":8},"end":{"line":86,"column":null}},"type":"if","locations":[{"start":{"line":84,"column":8},"end":{"line":86,"column":null}},{"start":{"line":84,"column":57},"end":{"line":86,"column":null}}],"line":84},"5":{"loc":{"start":{"line":84,"column":57},"end":{"line":86,"column":null}},"type":"if","locations":[{"start":{"line":84,"column":57},"end":{"line":86,"column":null}},{"start":{"line":86,"column":13},"end":{"line":86,"column":null}}],"line":84},"6":{"loc":{"start":{"line":85,"column":17},"end":{"line":85,"column":63}},"type":"binary-expr","locations":[{"start":{"line":85,"column":17},"end":{"line":85,"column":41}},{"start":{"line":85,"column":41},"end":{"line":85,"column":63}}],"line":85},"7":{"loc":{"start":{"line":105,"column":22},"end":{"line":105,"column":null}},"type":"binary-expr","locations":[{"start":{"line":105,"column":22},"end":{"line":105,"column":24}},{"start":{"line":105,"column":22},"end":{"line":105,"column":null}}],"line":105},"8":{"loc":{"start":{"line":113,"column":22},"end":{"line":113,"column":null}},"type":"binary-expr","locations":[{"start":{"line":113,"column":22},"end":{"line":113,"column":24}},{"start":{"line":113,"column":22},"end":{"line":113,"column":null}}],"line":113},"9":{"loc":{"start":{"line":117,"column":12},"end":{"line":118,"column":40}},"type":"binary-expr","locations":[{"start":{"line":117,"column":12},"end":{"line":117,"column":21}},{"start":{"line":117,"column":12},"end":{"line":118,"column":40}}],"line":117},"10":{"loc":{"start":{"line":121,"column":22},"end":{"line":121,"column":null}},"type":"binary-expr","locations":[{"start":{"line":121,"column":22},"end":{"line":121,"column":24}},{"start":{"line":121,"column":22},"end":{"line":121,"column":null}}],"line":121},"11":{"loc":{"start":{"line":124,"column":19},"end":{"line":124,"column":null}},"type":"cond-expr","locations":[{"start":{"line":124,"column":35},"end":{"line":124,"column":null}},{"start":{"line":124,"column":35},"end":{"line":124,"column":null}}],"line":124},"12":{"loc":{"start":{"line":130,"column":57},"end":{"line":151,"column":25}},"type":"cond-expr","locations":[{"start":{"line":130,"column":71},"end":{"line":151,"column":25}},{"start":{"line":151,"column":16},"end":{"line":151,"column":25}}],"line":130},"13":{"loc":{"start":{"line":150,"column":23},"end":{"line":150,"column":58}},"type":"cond-expr","locations":[{"start":{"line":150,"column":43},"end":{"line":150,"column":58}},{"start":{"line":150,"column":43},"end":{"line":150,"column":58}}],"line":150},"14":{"loc":{"start":{"line":155,"column":32},"end":{"line":156,"column":92}},"type":"cond-expr","locations":[{"start":{"line":155,"column":46},"end":{"line":155,"column":92}},{"start":{"line":156,"column":37},"end":{"line":156,"column":92}}],"line":155},"15":{"loc":{"start":{"line":156,"column":37},"end":{"line":156,"column":92}},"type":"cond-expr","locations":[{"start":{"line":156,"column":51},"end":{"line":156,"column":92}},{"start":{"line":156,"column":74},"end":{"line":156,"column":92}}],"line":156},"16":{"loc":{"start":{"line":162,"column":28},"end":{"line":177,"column":null}},"type":"cond-expr","locations":[{"start":{"line":162,"column":28},"end":{"line":172,"column":null}},{"start":{"line":172,"column":12},"end":{"line":177,"column":null}}],"line":162},"17":{"loc":{"start":{"line":184,"column":19},"end":{"line":196,"column":73}},"type":"cond-expr","locations":[{"start":{"line":184,"column":19},"end":{"line":196,"column":73}}],"line":184},"18":{"loc":{"start":{"line":198,"column":18},"end":{"line":186,"column":67}},"type":"binary-expr","locations":[{"start":{"line":198,"column":18},"end":{"line":198,"column":null}},{"start":{"line":198,"column":18},"end":{"line":186,"column":67}}],"line":198},"19":{"loc":{"start":{"line":193,"column":18},"end":{"line":188,"column":null}},"type":"binary-expr","locations":[{"start":{"line":193,"column":18},"end":{"line":193,"column":null}},{"start":{"line":193,"column":18},"end":{"line":188,"column":null}}],"line":193},"20":{"loc":{"start":{"line":195,"column":34},"end":{"line":195,"column":65}},"type":"binary-expr","locations":[{"start":{"line":195,"column":34},"end":{"line":195,"column":36}},{"start":{"line":195,"column":34},"end":{"line":195,"column":65}}],"line":195},"21":{"loc":{"start":{"line":201,"column":39},"end":{"line":201,"column":null}},"type":"cond-expr","locations":[{"start":{"line":201,"column":48},"end":{"line":201,"column":null}},{"start":{"line":201,"column":63},"end":{"line":201,"column":null}}],"line":201}},"s":{"0":4,"1":4,"2":4,"3":4,"4":4,"5":4,"6":4,"7":4,"8":4,"9":4,"10":4,"11":0,"12":0,"13":0,"14":0,"15":0,"16":0,"17":0,"18":0,"19":0,"20":0,"21":0,"22":0,"23":0,"24":0,"25":0,"26":0,"27":0,"28":0,"29":0,"30":0,"31":0,"32":0,"33":0,"34":0,"35":0,"36":1,"37":1,"38":1,"39":1,"40":1,"41":1,"42":1,"43":1,"44":1,"45":1,"46":5,"47":0,"48":0,"49":0,"50":1,"51":0,"52":0},"f":{"0":0,"1":0,"2":0,"3":0,"4":0,"5":0,"6":0,"7":0,"8":1,"9":0,"10":0},"b":{"0":[0,0],"1":[0,0],"2":[0,0],"3":[0,0],"4":[0,0],"5":[0,0],"6":[0,0],"7":[5,4],"8":[5,4],"9":[5,4],"10":[5,4],"11":[2,3],"12":[5,0],"13":[5,0],"14":[5,0],"15":[0,0],"16":[0,5],"17":[0,null],"18":[0,0],"19":[0,0],"20":[0,0],"21":[0,5]},"meta":{"lastBranch":0,"lastFunction":0,"lastStatement":0,"seen":{}}}
,"/app/src/renderer/components/MonacoEditor.vue": {"path":"/app/src/renderer/components/MonacoEditor.vue","statementMap":{"0":{"start":{"line":11,"column":14},"end":{"line":11,"column":null}},"1":{"start":{"line":16,"column":13},"end":{"line":16,"column":null}},"2":{"start":{"line":20,"column":6},"end":{"line":20,"column":null}},"3":{"start":{"line":23,"column":0},"end":{"line":27,"column":null}},"4":{"start":{"line":23,"column":12},"end":{"line":23,"column":30}},"5":{"start":{"line":24,"column":4},"end":{"line":26,"column":null}},"6":{"start":{"line":25,"column":8},"end":{"line":25,"column":null}},"7":{"start":{"line":31,"column":21},"end":{"line":31,"column":null}},"8":{"start":{"line":32,"column":4},"end":{"line":32,"column":null}},"9":{"start":{"line":33,"column":4},"end":{"line":33,"column":null}},"10":{"start":{"line":36,"column":22},"end":{"line":44,"column":null}},"11":{"start":{"line":48,"column":9},"end":{"line":48,"column":null}},"12":{"start":{"line":48,"column":4},"end":{"line":53,"column":null}},"13":{"start":{"line":50,"column":27},"end":{"line":50,"column":null}}},"fnMap":{"0":{"name":"(anonymous_0)","decl":{"start":{"line":23,"column":6},"end":{"line":23,"column":12}},"loc":{"start":{"line":23,"column":12},"end":{"line":23,"column":30}},"line":23},"1":{"name":"(anonymous_1)","decl":{"start":{"line":23,"column":30},"end":{"line":23,"column":31}},"loc":{"start":{"line":23,"column":44},"end":{"line":27,"column":1}},"line":23},"2":{"name":"handleChange","decl":{"start":{"line":30,"column":9},"end":{"line":30,"column":22}},"loc":{"start":{"line":30,"column":49},"end":{"line":34,"column":null}},"line":30},"3":{"name":"(anonymous_3)","decl":{"start":{"line":50,"column":27},"end":{"line":50,"column":38}},"loc":{"start":{"line":50,"column":27},"end":{"line":50,"column":null}},"line":50}},"branchMap":{"0":{"loc":{"start":{"line":24,"column":4},"end":{"line":26,"column":null}},"type":"if","locations":[{"start":{"line":24,"column":4},"end":{"line":26,"column":null}},{"start":{},"end":{}}],"line":24},"1":{"loc":{"start":{"line":31,"column":21},"end":{"line":31,"column":null}},"type":"binary-expr","locations":[{"start":{"line":31,"column":21},"end":{"line":31,"column":30}},{"start":{"line":31,"column":30},"end":{"line":31,"column":null}}],"line":31},"2":{"loc":{"start":{"line":50,"column":27},"end":{"line":50,"column":null}},"type":"binary-expr","locations":[{"start":{"line":50,"column":27},"end":{"line":50,"column":38}},{"start":{"line":50,"column":27},"end":{"line":50,"column":null}}],"line":50}},"s":{"0":0,"1":0,"2":0,"3":0,"4":0,"5":0,"6":0,"7":0,"8":0,"9":0,"10":0,"11":1,"12":0,"13":0},"f":{"0":0,"1":0,"2":0,"3":0},"b":{"0":[0,0],"1":[0,0],"2":[0,0]},"meta":{"lastBranch":0,"lastFunction":0,"lastStatement":0,"seen":{}}}
,"/app/src/renderer/components/RequestBodyEditor.vue": {"path":"/app/src/renderer/components/RequestBodyEditor.vue","statementMap":{"0":{"start":{"line":7,"column":6},"end":{"line":7,"column":null}},"1":{"start":{"line":9,"column":6},"end":{"line":15,"column":null}},"2":{"start":{"line":10,"column":4},"end":{"line":14,"column":null}},"3":{"start":{"line":11,"column":21},"end":{"line":11,"column":null}},"4":{"start":{"line":12,"column":20},"end":{"line":12,"column":null}},"5":{"start":{"line":13,"column":17},"end":{"line":13,"column":null}},"6":{"start":{"line":19,"column":9},"end":{"line":19,"column":null}},"7":{"start":{"line":20,"column":13},"end":{"line":20,"column":null}},"8":{"start":{"line":21,"column":19},"end":{"line":21,"column":null}},"9":{"start":{"line":24,"column":19},"end":{"line":24,"column":null}},"10":{"start":{"line":27,"column":19},"end":{"line":27,"column":null}},"11":{"start":{"line":30,"column":19},"end":{"line":30,"column":null}},"12":{"start":{"line":33,"column":20},"end":{"line":33,"column":null}},"13":{"start":{"line":38,"column":13},"end":{"line":38,"column":null}},"14":{"start":{"line":19,"column":4},"end":{"line":51,"column":null}},"15":{"start":{"line":22,"column":58},"end":{"line":22,"column":81}},"16":{"start":{"line":25,"column":63},"end":{"line":25,"column":86}},"17":{"start":{"line":28,"column":58},"end":{"line":28,"column":81}},"18":{"start":{"line":31,"column":58},"end":{"line":31,"column":81}},"19":{"start":{"line":34,"column":57},"end":{"line":34,"column":80}},"20":{"start":{"line":44,"column":41},"end":{"line":44,"column":70}},"21":{"start":{"line":49,"column":25},"end":{"line":49,"column":null}}},"fnMap":{"0":{"name":"(anonymous_0)","decl":{"start":{"line":9,"column":32},"end":{"line":9,"column":38}},"loc":{"start":{"line":9,"column":38},"end":{"line":15,"column":1}},"line":9},"1":{"name":"(anonymous_1)","decl":{"start":{"line":22,"column":42},"end":{"line":22,"column":58}},"loc":{"start":{"line":22,"column":58},"end":{"line":22,"column":81}},"line":22},"2":{"name":"(anonymous_2)","decl":{"start":{"line":25,"column":42},"end":{"line":25,"column":63}},"loc":{"start":{"line":25,"column":63},"end":{"line":25,"column":86}},"line":25},"3":{"name":"(anonymous_3)","decl":{"start":{"line":28,"column":42},"end":{"line":28,"column":58}},"loc":{"start":{"line":28,"column":58},"end":{"line":28,"column":81}},"line":28},"4":{"name":"(anonymous_4)","decl":{"start":{"line":31,"column":42},"end":{"line":31,"column":58}},"loc":{"start":{"line":31,"column":58},"end":{"line":31,"column":81}},"line":31},"5":{"name":"(anonymous_5)","decl":{"start":{"line":34,"column":42},"end":{"line":34,"column":57}},"loc":{"start":{"line":34,"column":57},"end":{"line":34,"column":80}},"line":34},"6":{"name":"(anonymous_6)","decl":{"start":{"line":44,"column":54},"end":{"line":44,"column":66}},"loc":{"start":{"line":44,"column":41},"end":{"line":44,"column":70}},"line":44},"7":{"name":"(anonymous_7)","decl":{"start":{"line":49,"column":38},"end":{"line":49,"column":42}},"loc":{"start":{"line":49,"column":25},"end":{"line":49,"column":null}},"line":49}},"branchMap":{"0":{"loc":{"start":{"line":10,"column":4},"end":{"line":14,"column":null}},"type":"switch","locations":[{"start":{"line":11,"column":8},"end":{"line":11,"column":null}},{"start":{"line":12,"column":8},"end":{"line":12,"column":null}},{"start":{"line":13,"column":8},"end":{"line":13,"column":null}}],"line":10},"1":{"loc":{"start":{"line":22,"column":42},"end":{"line":22,"column":81}},"type":"binary-expr","locations":[{"start":{"line":22,"column":42},"end":{"line":22,"column":58}},{"start":{"line":22,"column":42},"end":{"line":22,"column":81}}],"line":22},"2":{"loc":{"start":{"line":25,"column":42},"end":{"line":25,"column":86}},"type":"binary-expr","locations":[{"start":{"line":25,"column":42},"end":{"line":25,"column":63}},{"start":{"line":25,"column":42},"end":{"line":25,"column":86}}],"line":25},"3":{"loc":{"start":{"line":28,"column":42},"end":{"line":28,"column":81}},"type":"binary-expr","locations":[{"start":{"line":28,"column":42},"end":{"line":28,"column":58}},{"start":{"line":28,"column":42},"end":{"line":28,"column":81}}],"line":28},"4":{"loc":{"start":{"line":31,"column":42},"end":{"line":31,"column":81}},"type":"binary-expr","locations":[{"start":{"line":31,"column":42},"end":{"line":31,"column":58}},{"start":{"line":31,"column":42},"end":{"line":31,"column":81}}],"line":31},"5":{"loc":{"start":{"line":34,"column":42},"end":{"line":34,"column":80}},"type":"binary-expr","locations":[{"start":{"line":34,"column":42},"end":{"line":34,"column":57}},{"start":{"line":34,"column":42},"end":{"line":34,"column":80}}],"line":34},"6":{"loc":{"start":{"line":39,"column":23},"end":{"line":51,"column":null}},"type":"cond-expr","locations":[{"start":{"line":39,"column":44},"end":{"line":41,"column":18}},{"start":{"line":43,"column":28},"end":{"line":51,"column":null}}],"line":39},"7":{"loc":{"start":{"line":43,"column":28},"end":{"line":51,"column":null}},"type":"cond-expr","locations":[{"start":{"line":43,"column":49},"end":{"line":47,"column":null}},{"start":{"line":47,"column":12},"end":{"line":51,"column":null}}],"line":43},"8":{"loc":{"start":{"line":44,"column":54},"end":{"line":44,"column":70}},"type":"binary-expr","locations":[{"start":{"line":44,"column":54},"end":{"line":44,"column":66}},{"start":{"line":44,"column":54},"end":{"line":44,"column":70}}],"line":44},"9":{"loc":{"start":{"line":49,"column":38},"end":{"line":49,"column":null}},"type":"binary-expr","locations":[{"start":{"line":49,"column":38},"end":{"line":49,"column":42}},{"start":{"line":49,"column":38},"end":{"line":49,"column":null}}],"line":49}},"s":{"0":0,"1":0,"2":0,"3":0,"4":0,"5":0,"6":1,"7":1,"8":1,"9":1,"10":1,"11":1,"12":1,"13":1,"14":0,"15":0,"16":0,"17":0,"18":0,"19":0,"20":0,"21":0},"f":{"0":0,"1":0,"2":0,"3":0,"4":0,"5":0,"6":0,"7":0},"b":{"0":[0,0,0],"1":[0,0],"2":[0,0],"3":[0,0],"4":[0,0],"5":[0,0],"6":[0,0],"7":[0,0],"8":[0,0],"9":[0,0]},"meta":{"lastBranch":0,"lastFunction":0,"lastStatement":0,"seen":{}}}
[...]
73":{"start":{"line":209,"column":24},"end":{"line":212,"column":null}},"74":{"start":{"line":214,"column":24},"end":{"line":217,"column":null}},"75":{"start":{"line":219,"column":16},"end":{"line":229,"column":null}},"76":{"start":{"line":220,"column":20},"end":{"line":223,"column":null}},"77":{"start":{"line":224,"column":16},"end":{"line":229,"column":null}},"78":{"start":{"line":225,"column":20},"end":{"line":228,"column":null}},"79":{"start":{"line":232,"column":18},"end":{"line":232,"column":null}},"80":{"start":{"line":233,"column":31},"end":{"line":233,"column":null}},"81":{"start":{"line":236,"column":33},"end":{"line":236,"column":null}},"82":{"start":{"line":238,"column":27},"end":{"line":238,"column":null}},"83":{"start":{"line":240,"column":12},"end":{"line":266,"column":null}},"84":{"start":{"line":242,"column":16},"end":{"line":244,"column":null}},"85":{"start":{"line":243,"column":20},"end":{"line":243,"column":null}},"86":{"start":{"line":246,"column":28},"end":{"line":246,"column":null}},"87":{"start":{"line":247,"column":16},"end":{"line":255,"column":null}},"88":{"start":{"line":258,"column":16},"end":{"line":265,"column":null}},"89":{"start":{"line":269,"column":12},"end":{"line":269,"column":null}},"90":{"start":{"line":270,"column":12},"end":{"line":277,"column":null}},"91":{"start":{"line":279,"column":12},"end":{"line":279,"column":null}},"92":{"start":{"line":283,"column":4},"end":{"line":307,"column":null}}},"fnMap":{"0":{"name":"(anonymous_0)","decl":{"start":{"line":7,"column":54},"end":{"line":7,"column":60}},"loc":{"start":{"line":7,"column":60},"end":{"line":308,"column":1}},"line":7},"1":{"name":"(anonymous_1)","decl":{"start":{"line":36,"column":29},"end":{"line":36,"column":35}},"loc":{"start":{"line":36,"column":35},"end":{"line":52,"column":5}},"line":36},"2":{"name":"loadFromFile","decl":{"start":{"line":55,"column":13},"end":{"line":55,"column":26}},"loc":{"start":{"line":55,"column":46},"end":{"line":102,"column":null}},"line":55},"3":{"name":"saveToFile","decl":{"start":{"line":105,"column":19},"end":{"line":105,"column":32}},"loc":{"start":{"line":105,"column":32},"end":{"line":173,"column":null}},"line":105},"4":{"name":"reset","decl":{"start":{"line":176,"column":13},"end":{"line":176,"column":21}},"loc":{"start":{"line":176,"column":21},"end":{"line":189,"column":null}},"line":176},"5":{"name":"execute","decl":{"start":{"line":192,"column":19},"end":{"line":192,"column":29}},"loc":{"start":{"line":192,"column":29},"end":{"line":281,"column":null}},"line":192}},"branchMap":{"0":{"loc":{"start":{"line":62,"column":33},"end":{"line":62,"column":null}},"type":"binary-expr","locations":[{"start":{"line":62,"column":33},"end":{"line":62,"column":61}},{"start":{"line":62,"column":61},"end":{"line":62,"column":null}}],"line":62},"1":{"loc":{"start":{"line":63,"column":35},"end":{"line":63,"column":null}},"type":"binary-expr","locations":[{"start":{"line":63,"column":35},"end":{"line":63,"column":65}},{"start":{"line":63,"column":65},"end":{"line":63,"column":null}}],"line":63},"2":{"loc":{"start":{"line":64,"column":21},"end":{"line":68,"column":null}},"type":"cond-expr","locations":[{"start":{"line":65,"column":15},"end":{"line":67,"column":null}},{"start":{"line":68,"column":14},"end":{"line":68,"column":null}}],"line":64},"3":{"loc":{"start":{"line":65,"column":15},"end":{"line":67,"column":null}},"type":"cond-expr","locations":[{"start":{"line":66,"column":18},"end":{"line":66,"column":null}},{"start":{"line":67,"column":18},"end":{"line":67,"column":null}}],"line":65},"4":{"loc":{"start":{"line":71,"column":8},"end":{"line":84,"column":null}},"type":"if","locations":[{"start":{"line":71,"column":8},"end":{"line":84,"column":null}},{"start":{"line":73,"column":8},"end":{"line":84,"column":null}}],"line":71},"5":{"loc":{"start":{"line":71,"column":12},"end":{"line":71,"column":75}},"type":"binary-expr","locations":[{"start":{"line":71,"column":12},"end":{"line":71,"column":45}},{"start":{"line":71,"column":45},"end":{"line":71,"column":75}}],"line":71},"6":{"loc":{"start":{"line":73,"column":8},"end":{"line":84,"column":null}},"type":"if","locations":[{"start":{"line":73,"column":8},"end":{"line":84,"column":null}},{"start":{"line":79,"column":8},"end":{"line":84,"column":null}}],"line":73},"7":{"loc":{"start":{"line":75,"column":12},"end":{"line":78,"column":null}},"type":"if","locations":[{"start":{"line":75,"column":12},"end":{"line":78,"column":null}},{"start":{},"end":{}}],"line":75},"8":{"loc":{"start":{"line":75,"column":16},"end":{"line":75,"column":91}},"type":"binary-expr","locations":[{"start":{"line":75,"column":16},"end":{"line":75,"column":60}},{"start":{"line":75,"column":60},"end":{"line":75,"column":91}}],"line":75},"9":{"loc":{"start":{"line":79,"column":8},"end":{"line":84,"column":null}},"type":"if","locations":[{"start":{"line":79,"column":8},"end":{"line":84,"column":null}},{"start":{"line":81,"column":15},"end":{"line":84,"column":null}}],"line":79},"10":{"loc":{"start":{"line":108,"column":8},"end":{"line":110,"column":null}},"type":"if","locations":[{"start":{"line":108,"column":8},"end":{"line":110,"column":null}},{"start":{},"end":{}}],"line":108},"11":{"loc":{"start":{"line":124,"column":8},"end":{"line":152,"column":null}},"type":"if","locations":[{"start":{"line":124,"column":8},"end":{"line":152,"column":null}},{"start":{},"end":{}}],"line":124},"12":{"loc":{"start":{"line":125,"column":12},"end":{"line":151,"column":null}},"type":"if","locations":[{"start":{"line":125,"column":12},"end":{"line":151,"column":null}},{"start":{"line":139,"column":12},"end":{"line":151,"column":null}}],"line":125},"13":{"loc":{"start":{"line":126,"column":16},"end":{"line":138,"column":null}},"type":"if","locations":[{"start":{"line":126,"column":16},"end":{"line":138,"column":null}},{"start":{},"end":{}}],"line":126},"14":{"loc":{"start":{"line":139,"column":12},"end":{"line":151,"column":null}},"type":"if","locations":[{"start":{"line":139,"column":12},"end":{"line":151,"column":null}},{"start":{"line":144,"column":19},"end":{"line":151,"column":null}}],"line":139},"15":{"loc":{"start":{"line":145,"column":16},"end":{"line":150,"column":null}},"type":"if","locations":[{"start":{"line":145,"column":16},"end":{"line":150,"column":null}},{"start":{},"end":{}}],"line":145},"16":{"loc":{"start":{"line":197,"column":20},"end":{"line":197,"column":null}},"type":"binary-expr","locations":[{"start":{"line":197,"column":20},"end":{"line":197,"column":32}},{"start":{"line":197,"column":32},"end":{"line":197,"column":null}}],"line":197},"17":{"loc":{"start":{"line":206,"column":12},"end":{"line":230,"column":null}},"type":"if","locations":[{"start":{"line":206,"column":12},"end":{"line":230,"column":null}},{"start":{},"end":{}}],"line":206},"18":{"loc":{"start":{"line":207,"column":16},"end":{"line":229,"column":null}},"type":"if","locations":[{"start":{"line":207,"column":16},"end":{"line":229,"column":null}},{"start":{"line":219,"column":16},"end":{"line":229,"column":null}}],"line":207},"19":{"loc":{"start":{"line":207,"column":20},"end":{"line":207,"column":68}},"type":"binary-expr","locations":[{"start":{"line":207,"column":20},"end":{"line":207,"column":49}},{"start":{"line":207,"column":49},"end":{"line":207,"column":68}}],"line":207},"20":{"loc":{"start":{"line":219,"column":16},"end":{"line":229,"column":null}},"type":"if","locations":[{"start":{"line":219,"column":16},"end":{"line":229,"column":null}},{"start":{"line":224,"column":16},"end":{"line":229,"column":null}}],"line":219},"21":{"loc":{"start":{"line":224,"column":16},"end":{"line":229,"column":null}},"type":"if","locations":[{"start":{"line":224,"column":16},"end":{"line":229,"column":null}},{"start":{},"end":{}}],"line":224},"22":{"loc":{"start":{"line":240,"column":12},"end":{"line":266,"column":null}},"type":"if","locations":[{"start":{"line":240,"column":12},"end":{"line":266,"column":null}},{"start":{"line":256,"column":19},"end":{"line":266,"column":null}}],"line":240},"23":{"loc":{"start":{"line":240,"column":16},"end":{"line":240,"column":51}},"type":"binary-expr","locations":[{"start":{"line":240,"column":16},"end":{"line":240,"column":34}},{"start":{"line":240,"column":34},"end":{"line":240,"column":51}}],"line":240},"24":{"loc":{"start":{"line":242,"column":16},"end":{"line":244,"column":null}},"type":"if","locations":[{"start":{"line":242,"column":16},"end":{"line":244,"column":null}},{"start":{},"end":{}}],"line":242},"25":{"loc":{"start":{"line":253,"column":26},"end":{"line":253,"column":null}},"type":"cond-expr","locations":[{"start":{"line":253,"column":57},"end":{"line":253,"column":75}},{"start":{"line":253,"column":75},"end":{"line":253,"column":null}}],"line":253},"26":{"loc":{"start":{"line":254,"column":26},"end":{"line":254,"column":null}},"type":"cond-expr","locations":[{"start":{"line":254,"column":57},"end":{"line":254,"column":68}},{"start":{"line":254,"column":68},"end":{"line":254,"column":null}}],"line":254},"27":{"loc":{"start":{"line":260,"column":32},"end":{"line":260,"column":null}},"type":"binary-expr","locations":[{"start":{"line":260,"column":32},"end":{"line":260,"column":48}},{"start":{"line":260,"column":48},"end":{"line":260,"column":null}}],"line":260},"28":{"loc":{"start":{"line":264,"column":26},"end":{"line":264,"column":null}},"type":"binary-expr","locations":[{"start":{"line":264,"column":26},"end":{"line":264,"column":42}},{"start":{"line":264,"column":42},"end":{"line":264,"column":null}}],"line":264}},"s":{"0":1,"1":4,"2":4,"3":4,"4":4,"5":4,"6":4,"7":4,"8":4,"9":4,"10":4,"11":4,"12":4,"13":4,"14":4,"15":4,"16":4,"17":4,"18":0,"19":0,"20":0,"21":0,"22":0,"23":0,"24":0,"25":0,"26":0,"27":0,"28":0,"29":0,"30":0,"31":0,"32":0,"33":0,"34":0,"35":0,"36":0,"37":0,"38":0,"39":0,"40":0,"41":0,"42":0,"43":0,"44":0,"45":0,"46":0,"47":0,"48":0,"49":0,"50":0,"51":0,"52":0,"53":0,"54":0,"55":0,"56":0,"57":0,"58":0,"59":0,"60":0,"61":0,"62":0,"63":0,"64":0,"65":0,"66":0,"67":0,"68":0,"69":0,"70":0,"71":0,"72":0,"73":0,"74":0,"75":0,"76":0,"77":0,"78":0,"79":0,"80":0,"81":0,"82":0,"83":0,"84":0,"85":0,"86":0,"87":0,"88":0,"89":0,"90":0,"91":0,"92":4},"f":{"0":4,"1":4,"2":0,"3":0,"4":0,"5":0},"b":{"0":[0,0],"1":[0,0],"2":[0,0],"3":[0,0],"4":[0,0],"5":[0,0],"6":[0,0],"7":[0,0],"8":[0,0],"9":[0,0],"10":[0,0],"11":[0,0],"12":[0,0],"13":[0,0],"14":[0,0],"15":[0,0],"16":[0,0],"17":[0,0],"18":[0,0],"19":[0,0],"20":[0,0],"21":[0,0],"22":[0,0],"23":[0,0],"24":[0,0],"25":[0,0],"26":[0,0],"27":[0,0],"28":[0,0]},"meta":{"lastBranch":29,"lastFunction":6,"lastStatement":93,"seen":{"s:7:13:308:Infinity":0,"f:7:54:7:60":0,"s:9:10:9:Infinity":1,"s:10:10:10:Infinity":2,"s:11:10:11:Infinity":3,"s:12:10:12:Infinity":4,"s:13:10:13:Infinity":5,"s:14:10:14:Infinity":6,"s:15:10:15:Infinity":7,"s:16:10:16:Infinity":8,"s:17:10:17:Infinity":9,"s:18:10:18:Infinity":10,"s:19:10:19:Infinity":11,"s:20:10:20:Infinity":12,"s:23:10:30:Infinity":13,"s:33:10:33:Infinity":14,"s:36:10:52:Infinity":15,"f:36:29:36:35":1,"s:38:29:50:Infinity":16,"s:51:8:51:Infinity":17,"f:55:13:55:26":2,"s:56:8:56:Infinity":18,"s:57:8:57:Infinity":19,"s:58:8:58:Infinity":20,"s:59:8:59:Infinity":21,"s:60:8:60:Infinity":22,"s:61:8:61:Infinity":23,"s:62:8:62:Infinity":24,"b:62:33:62:61:62:61:62:Infinity":0,"s:63:8:63:Infinity":25,"b:63:35:63:65:63:65:63:Infinity":1,"s:64:8:68:Infinity":26,"b:65:15:67:Infinity:68:14:68:Infinity":2,"b:66:18:66:Infinity:67:18:67:Infinity":3,"b:71:8:84:Infinity:73:8:84:Infinity":4,"s:71:8:84:Infinity":27,"b:71:12:71:45:71:45:71:75":5,"s:72:12:72:Infinity":28,"b:73:8:84:Infinity:79:8:84:Infinity":6,"s:73:8:84:Infinity":29,"s:74:12:74:Infinity":30,"b:75:12:78:Infinity:undefined:undefined:undefined:undefined":7,"s:75:12:78:Infinity":31,"b:75:16:75:60:75:60:75:91":8,"s:77:16:77:Infinity":32,"b:79:8:84:Infinity:81:15:84:Infinity":9,"s:79:8:84:Infinity":33,"s:80:12:80:Infinity":34,"s:83:12:83:Infinity":35,"s:87:8:98:Infinity":36,"s:101:8:101:Infinity":37,"f:105:19:105:32":3,"s:106:14:106:Infinity":38,"b:108:8:110:Infinity:undefined:undefined:undefined:undefined":10,"s:108:8:110:Infinity":39,"s:109:12:109:Infinity":40,"s:112:35:121:Infinity":41,"b:124:8:152:Infinity:undefined:undefined:undefined:undefined":11,"s:124:8:152:Infinity":42,"b:125:12:151:Infinity:139:12:151:Infinity":12,"s:125:12:151:Infinity":43,"b:126:16:138:Infinity:undefined:undefined:undefined:undefined":13,"s:126:16:138:Infinity":44,"s:127:20:137:Infinity":45,"s:128:24:131:Infinity":46,"s:133:24:136:Infinity":47,"b:139:12:151:Infinity:144:19:151:Infinity":14,"s:139:12:151:Infinity":48,"s:140:16:143:Infinity":49,"b:145:16:150:Infinity:undefined:undefined:undefined:undefined":15,"s:145:16:150:Infinity":50,"s:146:20:149:Infinity":51,"s:155:8:155:Infinity":52,"s:158:8:158:Infinity":53,"s:161:8:172:Infinity":54,"f:176:13:176:21":4,"s:177:8:177:Infinity":55,"s:178:8:178:Infinity":56,"s:179:8:179:Infinity":57,"s:180:8:180:Infinity":58,"s:181:8:181:Infinity":59,"s:182:8:182:Infinity":60,"s:183:8:183:Infinity":61,"s:184:8:184:Infinity":62,"s:185:8:185:Infinity":63,"s:186:8:186:Infinity":64,"s:187:8:187:Infinity":65,"s:188:8:188:Infinity":66,"f:192:19:192:29":5,"s:193:8:193:Infinity":67,"s:194:8:280:Infinity":68,"s:196:48:204:Infinity":69,"b:197:20:197:32:197:32:197:Infinity":16,"b:206:12:230:Infinity:undefined:undefined:undefined:undefined":17,"s:206:12:230:Infinity":70,"b:207:16:229:Infinity:219:16:229:Infinity":18,"s:207:16:229:Infinity":71,"b:207:20:207:49:207:49:207:68":19,"s:208:20:218:Infinity":72,"s:209:24:212:Infinity":73,"s:214:24:217:Infinity":74,"b:219:16:229:Infinity:224:16:229:Infinity":20,"s:219:16:229:Infinity":75,"s:220:20:223:Infinity":76,"b:224:16:229:Infinity:undefined:undefined:undefined:undefined":21,"s:224:16:229:Infinity":77,"s:225:20:228:Infinity":78,"s:232:18:232:Infinity":79,"s:233:31:233:Infinity":80,"s:236:33:236:Infinity":81,"s:238:27:238:Infinity":82,"b:240:12:266:Infinity:256:19:266:Infinity":22,"s:240:12:266:Infinity":83,"b:240:16:240:34:240:34:240:51":23,"b:242:16:244:Infinity:undefined:undefined:undefined:undefined":24,"s:242:16:244:Infinity":84,"s:243:20:243:Infinity":85,"s:246:28:246:Infinity":86,"s:247:16:255:Infinity":87,"b:253:57:253:75:253:75:253:Infinity":25,"b:254:57:254:68:254:68:254:Infinity":26,"s:258:16:265:Infinity":88,"b:260:32:260:48:260:48:260:Infinity":27,"b:264:26:264:42:264:42:264:Infinity":28,"s:269:12:269:Infinity":89,"s:270:12:277:Infinity":90,"s:279:12:279:Infinity":91,"s:283:4:307:Infinity":92}}}
,"/app/src/renderer/stores/theme.ts": {"path":"/app/src/renderer/stores/theme.ts","statementMap":{"0":{"start":{"line":6,"column":13},"end":{"line":28,"column":null}},"1":{"start":{"line":8,"column":24},"end":{"line":8,"column":null}},"2":{"start":{"line":9,"column":30},"end":{"line":9,"column":null}},"3":{"start":{"line":11,"column":10},"end":{"line":11,"column":null}},"4":{"start":{"line":14,"column":8},"end":{"line":14,"column":null}},"5":{"start":{"line":18,"column":8},"end":{"line":18,"column":null}},"6":{"start":{"line":22,"column":4},"end":{"line":25,"column":null}},"7":{"start":{"line":23,"column":8},"end":{"line":23,"column":null}},"8":{"start":{"line":24,"column":8},"end":{"line":24,"column":null}},"9":{"start":{"line":27,"column":4},"end":{"line":27,"column":null}}},"fnMap":{"0":{"name":"(anonymous_0)","decl":{"start":{"line":6,"column":50},"end":{"line":6,"column":56}},"loc":{"start":{"line":6,"column":56},"end":{"line":28,"column":1}},"line":6},"1":{"name":"toggleTheme","decl":{"start":{"line":13,"column":13},"end":{"line":13,"column":27}},"loc":{"start":{"line":13,"column":27},"end":{"line":15,"column":null}},"line":13},"2":{"name":"setTheme","decl":{"start":{"line":17,"column":13},"end":{"line":17,"column":22}},"loc":{"start":{"line":17,"column":39},"end":{"line":19,"column":null}},"line":17},"3":{"name":"(anonymous_3)","decl":{"start":{"line":22,"column":17},"end":{"line":22,"column":18}},"loc":{"start":{"line":22,"column":31},"end":{"line":25,"column":7}},"line":22}},"branchMap":{"0":{"loc":{"start":{"line":11,"column":29},"end":{"line":11,"column":82}},"type":"binary-expr","locations":[{"start":{"line":11,"column":29},"end":{"line":11,"column":45}},{"start":{"line":11,"column":45},"end":{"line":11,"column":82}}],"line":11},"1":{"loc":{"start":{"line":11,"column":45},"end":{"line":11,"column":82}},"type":"cond-expr","locations":[{"start":{"line":11,"column":65},"end":{"line":11,"column":74}},{"start":{"line":11,"column":74},"end":{"line":11,"column":82}}],"line":11},"2":{"loc":{"start":{"line":14,"column":22},"end":{"line":14,"column":null}},"type":"cond-expr","locations":[{"start":{"line":14,"column":47},"end":{"line":14,"column":57}},{"start":{"line":14,"column":57},"end":{"line":14,"column":null}}],"line":14}},"s":{"0":2,"1":11,"2":11,"3":11,"4":5,"5":2,"6":11,"7":16,"8":16,"9":11},"f":{"0":11,"1":5,"2":2,"3":16},"b":{"0":[11,7],"1":[1,6],"2":[1,4]},"meta":{"lastBranch":3,"lastFunction":4,"lastStatement":10,"seen":{"s:6:13:28:Infinity":0,"f:6:50:6:56":0,"s:8:24:8:Infinity":1,"s:9:30:9:Infinity":2,"s:11:10:11:Infinity":3,"b:11:29:11:45:11:45:11:82":0,"b:11:65:11:74:11:74:11:82":1,"f:13:13:13:27":1,"s:14:8:14:Infinity":4,"b:14:47:14:57:14:57:14:Infinity":2,"f:17:13:17:22":2,"s:18:8:18:Infinity":5,"s:22:4:25:Infinity":6,"f:22:17:22:18":3,"s:23:8:23:Infinity":7,"s:24:8:24:Infinity":8,"s:27:4:27:Infinity":9}}}
,"/app/src/shared/utils/json-helpers.ts": {"path":"/app/src/shared/utils/json-helpers.ts","statementMap":{"0":{"start":{"line":6,"column":4},"end":{"line":8,"column":null}},"1":{"start":{"line":7,"column":8},"end":{"line":7,"column":null}},"2":{"start":{"line":10,"column":4},"end":{"line":15,"column":null}},"3":{"start":{"line":13,"column":12},"end":{"line":13,"column":null}},"4":{"start":{"line":14,"column":12},"end":{"line":14,"column":null}},"5":{"start":{"line":22,"column":23},"end":{"line":22,"column":null}},"6":{"start":{"line":23,"column":4},"end":{"line":23,"column":null}},"7":{"start":{"line":30,"column":4},"end":{"line":34,"column":null}},"8":{"start":{"line":31,"column":8},"end":{"line":31,"column":null}},"9":{"start":{"line":33,"column":8},"end":{"line":33,"column":null}}},"fnMap":{"0":{"name":"sortObjectKeys","decl":{"start":{"line":5,"column":9},"end":{"line":5,"column":24}},"loc":{"start":{"line":5,"column":39},"end":{"line":16,"column":null}},"line":5},"1":{"name":"(anonymous_1)","decl":{"start":{"line":12,"column":16},"end":{"line":12,"column":17}},"loc":{"start":{"line":12,"column":54},"end":{"line":15,"column":11}},"line":12},"2":{"name":"serializeJson","decl":{"start":{"line":21,"column":16},"end":{"line":21,"column":30}},"loc":{"start":{"line":21,"column":49},"end":{"line":24,"column":null}},"line":21},"3":{"name":"parseJson","decl":{"start":{"line":29,"column":16},"end":{"line":29,"column":29}},"loc":{"start":{"line":29,"column":49},"end":{"line":35,"column":null}},"line":29}},"branchMap":{"0":{"loc":{"start":{"line":6,"column":4},"end":{"line":8,"column":null}},"type":"if","locations":[{"start":{"line":6,"column":4},"end":{"line":8,"column":null}},{"start":{},"end":{}}],"line":6},"1":{"loc":{"start":{"line":6,"column":8},"end":{"line":6,"column":71}},"type":"binary-expr","locations":[{"start":{"line":6,"column":8},"end":{"line":6,"column":24}},{"start":{"line":6,"column":24},"end":{"line":6,"column":51}},{"start":{"line":6,"column":51},"end":{"line":6,"column":71}}],"line":6}},"s":{"0":0,"1":0,"2":0,"3":0,"4":0,"5":0,"6":0,"7":0,"8":0,"9":0},"f":{"0":0,"1":0,"2":0,"3":0},"b":{"0":[0,0],"1":[0,0,0]},"meta":{"lastBranch":2,"lastFunction":4,"lastStatement":10,"seen":{"f:5:9:5:24":0,"b:6:4:8:Infinity:undefined:undefined:undefined:undefined":0,"s:6:4:8:Infinity":0,"b:6:8:6:24:6:24:6:51:6:51:6:71":1,"s:7:8:7:Infinity":1,"s:10:4:15:Infinity":2,"f:12:16:12:17":1,"s:13:12:13:Infinity":3,"s:14:12:14:Infinity":4,"f:21:16:21:30":2,"s:22:23:22:Infinity":5,"s:23:4:23:Infinity":6,"f:29:16:29:29":3,"s:30:4:34:Infinity":7,"s:31:8:31:Infinity":8,"s:33:8:33:Infinity":9}}}
}
